#
# A fatal error has been detected by the Java Runtime Environment:
#
#  SIGBUS (0xa) at pc=0x00000001140014e4, pid=65425, tid=24067
#
# JRE version: OpenJDK Runtime Environment Homebrew (17.0.7) (build 17.0.7+0)
# Java VM: OpenJDK 64-Bit Server VM Homebrew (17.0.7+0, mixed mode, emulated-client, sharing, tiered, compressed oops, compressed class ptrs, g1 gc, bsd-aarch64)
# Problematic frame:
# v  ~StubRoutines::SafeFetch32
#
# No core dump will be written. Core dumps have been disabled. To enable core dumping, try "ulimit -c unlimited" before starting Java again
#
# JFR recording file will be written. Location: /Users/heeyun/Documents/study/blog/hs_err_pid65425.jfr
#
# If you would like to submit a bug report, please visit:
#   https://github.com/Homebrew/homebrew-core/issues
# The crash happened outside the Java Virtual Machine in native code.
# See problematic frame for where to report the bug.
#

---------------  S U M M A R Y ------------

Command Line: -XX:TieredStopAtLevel=1 -Dspring.output.ansi.enabled=always -Dcom.sun.management.jmxremote -Dspring.jmx.enabled=true -Dspring.liveBeansView.mbeanDomain -Dspring.application.admin.enabled=true -Dmanagement.endpoints.jmx.exposure.include=* -javaagent:/Applications/IntelliJ IDEA.app/Contents/lib/idea_rt.jar=54701:/Applications/IntelliJ IDEA.app/Contents/bin -agentpath:/private/var/folders/tn/7bm2f6kx5wx8fq00fwyzshxr0000gn/T/libasyncProfiler.dylib=start,jfr,event=wall,interval=10ms,jfrsync=profile,cstack=no,file=/Users/heeyun/IdeaSnapshots/BlogApplication_2023_09_21_082138.jfr,log=/private/var/folders/tn/7bm2f6kx5wx8fq00fwyzshxr0000gn/T/BlogApplication_2023_09_21_082138.jfr.log.txt,logLevel=DEBUG -Dfile.encoding=UTF-8 me.heeyun.blog.BlogApplication

Host: "MacBookAir10,1" arm64, 8 cores, 8G, Darwin 20.6.0, macOS 11.6 (20G165)
Time: Thu Sep 21 08:21:40 2023 KST elapsed time: 1.709051 seconds (0d 0h 0m 1s)

---------------  T H R E A D  ---------------

Current thread (0x0000000143bea400):  JavaThread "Monitor Ctrl-Break" daemon [_thread_in_native, id=24067, stack(0x000000016f6f8000,0x000000016f8fb000)]

Stack: [0x000000016f6f8000,0x000000016f8fb000],  sp=0x000000016f8f8d90,  free space=2051k
Native frames: (J=compiled Java code, j=interpreted, Vv=VM code, C=native code)
v  ~StubRoutines::SafeFetch32
V  [libjvm.dylib+0x616054]  _ZN2os17is_readable_rangeEPKvS1_+0x2c
V  [libjvm.dylib+0x5d0f08]  _ZN6Method15is_valid_methodEPKS_+0x30
V  [libjvm.dylib+0x29fbe4]  _ZL31forte_fill_call_trace_given_topP10JavaThreadP15ASGCT_CallTracei5frame+0x1f0
V  [libjvm.dylib+0x29f9d8]  AsyncGetCallTrace+0x1d4
C  [libasyncProfiler.dylib+0x3e400]  _ZN8Profiler17getJavaTraceAsyncEPvP15ASGCT_CallFrameiP12StackContext+0x15c
C  [libasyncProfiler.dylib+0x3f518]  _ZN8Profiler21recordSampleForThreadEiPvy9EventTypeP5EventPi+0x15c
C  [libasyncProfiler.dylib+0x4e114]  _ZN9WallClock13signalHandlerEiP9__siginfoPv+0xa8
C  [libsystem_platform.dylib+0x3c44]  _sigtramp+0x38
C  [libnio.dylib+0x72b0]  Java_sun_nio_ch_SocketDispatcher_read0+0x30
j  sun.nio.ch.SocketDispatcher.read0(Ljava/io/FileDescriptor;JI)I+0 java.base@17.0.7
j  sun.nio.ch.SocketDispatcher.read(Ljava/io/FileDescriptor;JI)I+4 java.base@17.0.7
j  sun.nio.ch.NioSocketImpl.tryRead(Ljava/io/FileDescriptor;[BII)I+45 java.base@17.0.7
j  sun.nio.ch.NioSocketImpl.implRead([BII)I+99 java.base@17.0.7
j  sun.nio.ch.NioSocketImpl.read([BII)I+54 java.base@17.0.7
j  sun.nio.ch.NioSocketImpl$1.read([BII)I+7 java.base@17.0.7
j  java.net.Socket$SocketInputStream.read([BII)I+7 java.base@17.0.7
j  sun.nio.cs.StreamDecoder.readBytes()I+117 java.base@17.0.7
j  sun.nio.cs.StreamDecoder.implRead([CII)I+112 java.base@17.0.7
j  sun.nio.cs.StreamDecoder.read([CII)I+180 java.base@17.0.7
j  java.io.InputStreamReader.read([CII)I+7 java.base@17.0.7
j  java.io.BufferedReader.fill()V+145 java.base@17.0.7
j  java.io.BufferedReader.readLine(Z[Z)Ljava/lang/String;+52 java.base@17.0.7
j  java.io.BufferedReader.readLine()Ljava/lang/String;+3 java.base@17.0.7
j  com.intellij.rt.execution.application.AppMainV2$1.run()V+36
v  ~StubRoutines::call_stub
V  [libjvm.dylib+0x3788c0]  _ZN9JavaCalls11call_helperEP9JavaValueRK12methodHandleP17JavaCallArgumentsP10JavaThread+0x234
V  [libjvm.dylib+0x377c60]  _ZN9JavaCalls12call_virtualEP9JavaValueP5KlassP6SymbolS5_P17JavaCallArgumentsP10JavaThread+0x11c
V  [libjvm.dylib+0x377d2c]  _ZN9JavaCalls12call_virtualEP9JavaValue6HandleP5KlassP6SymbolS6_P10JavaThread+0x64
V  [libjvm.dylib+0x419898]  _ZL12thread_entryP10JavaThreadS0_+0x80
V  [libjvm.dylib+0x79215c]  _ZN10JavaThread17thread_main_innerEv+0xbc
V  [libjvm.dylib+0x792038]  _ZN10JavaThread3runEv+0x168
V  [libjvm.dylib+0x790c64]  _ZN6Thread8call_runEv+0x8c
V  [libjvm.dylib+0x618bfc]  _ZL19thread_native_entryP6Thread+0xcc
C  [libsystem_pthread.dylib+0x7878]  _pthread_start+0x140

Java frames: (J=compiled Java code, j=interpreted, Vv=VM code)
j  sun.nio.ch.SocketDispatcher.read0(Ljava/io/FileDescriptor;JI)I+0 java.base@17.0.7
j  sun.nio.ch.SocketDispatcher.read(Ljava/io/FileDescriptor;JI)I+4 java.base@17.0.7
j  sun.nio.ch.NioSocketImpl.tryRead(Ljava/io/FileDescriptor;[BII)I+45 java.base@17.0.7
j  sun.nio.ch.NioSocketImpl.implRead([BII)I+99 java.base@17.0.7
j  sun.nio.ch.NioSocketImpl.read([BII)I+54 java.base@17.0.7
j  sun.nio.ch.NioSocketImpl$1.read([BII)I+7 java.base@17.0.7
j  java.net.Socket$SocketInputStream.read([BII)I+7 java.base@17.0.7
j  sun.nio.cs.StreamDecoder.readBytes()I+117 java.base@17.0.7
j  sun.nio.cs.StreamDecoder.implRead([CII)I+112 java.base@17.0.7
j  sun.nio.cs.StreamDecoder.read([CII)I+180 java.base@17.0.7
j  java.io.InputStreamReader.read([CII)I+7 java.base@17.0.7
j  java.io.BufferedReader.fill()V+145 java.base@17.0.7
j  java.io.BufferedReader.readLine(Z[Z)Ljava/lang/String;+52 java.base@17.0.7
j  java.io.BufferedReader.readLine()Ljava/lang/String;+3 java.base@17.0.7
j  com.intellij.rt.execution.application.AppMainV2$1.run()V+36
v  ~StubRoutines::call_stub

siginfo: si_signo: 10 (SIGBUS), si_code: 1 (BUS_ADRALN), si_addr: 0x00000001140014e4

Register to memory mapping:

 x0=0x0000000158076000 is pointing into metadata
 x1=0x00000000cafebabe is an unknown value
 x2=0x0 is NULL
 x3=0x0 is NULL
 x4=0x000000016f8f9c10 is pointing into the stack for thread: 0x0000000143bea400
 x5=0x000000016f8f9c10 is pointing into the stack for thread: 0x0000000143bea400
 x6=0x0000000107a1a000: temp_path_storage+0x1b0 in /opt/homebrew/Cellar/openjdk@17/17.0.7/libexec/openjdk.jdk/Contents/Home/lib/server/libjvm.dylib at 0x0000000107000000
 x7=0x0000000000000060 is an unknown value
 x8=0x00000001140014e0 is at begin+0 in a stub
StubRoutines::SafeFetch32 [0x00000001140014e0, 0x00000001140014ec] (12 bytes)
 x9=0x0000000000000450 is an unknown value
x10=0x0000000114005600 is pointing into interpreter code (not bytecode specific)
x11=0x00000000000000ab is an unknown value
x12=0x00000000000000ab is an unknown value
x13=0x0 is NULL
x14=0x0000000000000881 is an unknown value
x15=0x000000008000001f is an unknown value
x16=0x000000019c136654: pthread_getspecific+0 in /usr/lib/system/libsystem_pthread.dylib at 0x000000019c134000
x17=0x000000011242f290 points into unknown readable memory: 0xfffffffffffffffe | fe ff ff ff ff ff ff ff
x18=0x0 is NULL
x19=0x0000000158076000 is pointing into metadata
x20=0x0000000143bea400 is a thread
x21=0x0000000000000001 is an unknown value
x22={method} {0x00000001580769b8} 'read0' '(Ljava/io/FileDescriptor;JI)I' in 'sun/nio/ch/SocketDispatcher'
x23=0x0000000107a1b9c0: _ZN12StubRoutines18_safefetch32_entryE+0 in /opt/homebrew/Cellar/openjdk@17/17.0.7/libexec/openjdk.jdk/Contents/Home/lib/server/libjvm.dylib at 0x0000000107000000
x24=0x00000000cafebabe is an unknown value
x25=0x0000000107a1b768: _ZN12StubRoutines25_call_stub_return_addressE+0 in /opt/homebrew/Cellar/openjdk@17/17.0.7/libexec/openjdk.jdk/Contents/Home/lib/server/libjvm.dylib at 0x0000000107000000
x26=0x0000000128010364 points into unknown readable memory: 00 00 00 00
x27=0x00000001280143d8 points into unknown readable memory: 0x0000000000000108 | 08 01 00 00 00 00 00 00
x28=0x000000019c1019b8: read+0x4 in /usr/lib/system/libsystem_kernel.dylib at 0x000000019c100000


Registers:
 x0=0x0000000158076000  x1=0x00000000cafebabe  x2=0x0000000000000000  x3=0x0000000000000000
 x4=0x000000016f8f9c10  x5=0x000000016f8f9c10  x6=0x0000000107a1a000  x7=0x0000000000000060
 x8=0x00000001140014e0  x9=0x0000000000000450 x10=0x0000000114005600 x11=0x00000000000000ab
x12=0x00000000000000ab x13=0x0000000000000000 x14=0x0000000000000881 x15=0x000000008000001f
x16=0x000000019c136654 x17=0x000000011242f290 x18=0x0000000000000000 x19=0x0000000158076000
x20=0x0000000143bea400 x21=0x0000000000000001 x22=0x00000001580769b8 x23=0x0000000107a1b9c0
x24=0x00000000cafebabe x25=0x0000000107a1b768 x26=0x0000000128010364 x27=0x00000001280143d8
x28=0x000000019c1019b8  fp=0x000000016f8f8dc0  lr=0x0000000107615a64  sp=0x000000016f8f8d90
pc=0x00000001140014e4 cpsr=0x0000000060001000
Top of Stack: (sp=0x000000016f8f8d90)
0x000000016f8f8d90:   000000016f8f99f0 0000000000000001
0x000000016f8f8da0:   00000001580769b8 0000000143bea400
0x000000016f8f8db0:   0000000158076000 0000000158076a10
0x000000016f8f8dc0:   000000016f8f8de0 0000000107616054
0x000000016f8f8dd0:   0000000000000800 00000001580769b8
0x000000016f8f8de0:   000000016f8f8e00 00000001075d0f08
0x000000016f8f8df0:   0000000000000800 000000016f8f9b70
0x000000016f8f8e00:   000000016f8f9a90 000000010729fbe4
0x000000016f8f8e10:   00000001029192a0 000000016f8f9810
0x000000016f8f8e20:   000000016f8f8f90 000000016f8f97d0
0x000000016f8f8e30:   000000016f8f97d0 000000016f8f9850
0x000000016f8f8e40:   000000016f8f8e90 8e2400010289a880
0x000000016f8f8e50:   0000000102919b70 000000000000000d
0x000000016f8f8e60:   000000016f8f8ea0 f74700010289f294
0x000000016f8f8e70:   000000016f8f8f90 0000000102ce954a
0x000000016f8f8e80:   0000000112421190 000000016f8f9810
0x000000016f8f8e90:   0000000112421190 000000016f8f9850
0x000000016f8f8ea0:   000000016f8f8ef0 d5700001028aa89c
0x000000016f8f8eb0:   0000000142707230 0000000102ce954b
0x000000016f8f8ec0:   0000000112421190 000000016f8f9810
0x000000016f8f8ed0:   0000000112421190 000000016f8f9810
0x000000016f8f8ee0:   0000000000000000 000000016f8f9850
0x000000016f8f8ef0:   000000016f8f8f30 92548001028a35b0
0x000000016f8f8f00:   0000000112421190 000000016f8f9810
0x000000016f8f8f10:   000000016f8f8f90 000000016f8f97d0
0x000000016f8f8f20:   000000016f8f97d0 000000016f8f9850
0x000000016f8f8f30:   000000016f8f8f80 eb2000010289a744
0x000000016f8f8f40:   0000000800423c00 000000010290c000
0x000000016f8f8f50:   000000010293fac8 000000016f8f9840
0x000000016f8f8f60:   000000010741d044 0000000112421190
0x000000016f8f8f70:   000000016f8f9810 000000016f8f9850
0x000000016f8f8f80:   000000016f8f9800 972480010289a9dc 

Instructions: (pc=0x00000001140014e4)
0x00000001140013e4:   1e614000 1400003a d2822809 f2a0f3e9
0x00000001140013f4:   f2c00029 6d425935 1e640886 0c402d31
0x0000000114001404:   1e6408c7 1f5654d0 1e6c1017 1f5050d0
0x0000000114001414:   1f504cd0 1f5048d0 1e650af6 1f50d8f6
0x0000000114001424:   1f5694d6 1f5158f6 1e762880 36000501
0x0000000114001434:   1e614000 14000026 2e251ca5 d2823009
0x0000000114001444:   f2a0f3e9 f2c00029 6d425d36 1e600806
0x0000000114001454:   0c402d32 1f5758c7 1e6c101a 1f4754c7
0x0000000114001464:   1e650805 1f4750c7 d2866668 f2a7fa68
0x0000000114001474:   1f474cc7 1e6608c0 1f4748c7 1e6e1019
0x0000000114001484:   eb08007f 540000ac 1f479400 1f460340
0x0000000114001494:   1e603b20 1400000e d2a7fd29 eb09007f
0x00000001140014a4:   540000ac 51480069 d3607d29 9e670121
0x00000001140014b4:   14000002 1e6a5001 1f679417 1f668742
0x00000001140014c4:   1e613b23 1e773857 1e773860 a8c17ff3
0x00000001140014d4:   910003bf a8c17bfd d65f03c0 b9400001
0x00000001140014e4:   aa0103e0 d65f03c0 f9400001 aa0103e0
0x00000001140014f4:   d65f03c0 00000000 00000000 00000000
0x0000000114001504:   00000000 00000000 00000000 00000000
0x0000000114001514:   00000000 00000000 00000000 00000000
0x0000000114001524:   00000000 00000000 00000000 00000000
0x0000000114001534:   00000000 00000000 00000000 00000000
0x0000000114001544:   00000000 00000000 00000000 00000000
0x0000000114001554:   00000000 00000000 00000000 00000000
0x0000000114001564:   00000000 00000000 00000000 00000000
0x0000000114001574:   00000000 00000000 00000000 00000000
0x0000000114001584:   00000000 00000000 00000000 00000000
0x0000000114001594:   00000000 00000000 00000000 00000000
0x00000001140015a4:   00000000 00000000 00000000 00000000
0x00000001140015b4:   00000000 00000000 00000000 00000000
0x00000001140015c4:   00000000 00000000 00000000 00000000
0x00000001140015d4:   00000000 00000000 00000000 00000000 


Stack slot to memory mapping:
stack at sp + 0 slots: 0x000000016f8f99f0 is pointing into the stack for thread: 0x0000000143bea400
stack at sp + 1 slots: 0x0000000000000001 is an unknown value
stack at sp + 2 slots: {method} {0x00000001580769b8} 'read0' '(Ljava/io/FileDescriptor;JI)I' in 'sun/nio/ch/SocketDispatcher'
stack at sp + 3 slots: 0x0000000143bea400 is a thread
stack at sp + 4 slots: 0x0000000158076000 is pointing into metadata
stack at sp + 5 slots: 0x0000000158076a10 is pointing into metadata
stack at sp + 6 slots: 0x000000016f8f8de0 is pointing into the stack for thread: 0x0000000143bea400
stack at sp + 7 slots: 0x0000000107616054: _ZN2os17is_readable_rangeEPKvS1_+0x2c in /opt/homebrew/Cellar/openjdk@17/17.0.7/libexec/openjdk.jdk/Contents/Home/lib/server/libjvm.dylib at 0x0000000107000000

StubRoutines::SafeFetch32 [0x00000001140014e0, 0x00000001140014ec] (12 bytes)
[MachCode]
  0x00000001140014e0: 0100 40b9 | e003 01aa | c003 5fd6 
[/MachCode]

---------------  P R O C E S S  ---------------

Threads class SMR info:
_java_thread_list=0x0000000111e59f10, length=14, elements={
0x0000000143815200, 0x0000000143bdc400, 0x0000000144094a00, 0x0000000143be4200,
0x0000000144095a00, 0x0000000144096000, 0x0000000144099a00, 0x0000000143be4800,
0x000000011381bc00, 0x0000000143bea400, 0x000000014419ce00, 0x0000000143f59200,
0x0000000143beaa00, 0x000000014431f400
}

Java Threads: ( => current thread )
  0x0000000143815200 JavaThread "main" [_thread_in_vm, id=9987, stack(0x000000016d72c000,0x000000016d92f000)]
  0x0000000143bdc400 JavaThread "Reference Handler" daemon [_thread_blocked, id=16387, stack(0x000000016e580000,0x000000016e783000)]
  0x0000000144094a00 JavaThread "Finalizer" daemon [_thread_blocked, id=17411, stack(0x000000016e78c000,0x000000016e98f000)]
  0x0000000143be4200 JavaThread "Signal Dispatcher" daemon [_thread_blocked, id=22787, stack(0x000000016eab0000,0x000000016ecb3000)]
  0x0000000144095a00 JavaThread "Service Thread" daemon [_thread_blocked, id=42243, stack(0x000000016ecbc000,0x000000016eebf000)]
  0x0000000144096000 JavaThread "Monitor Deflation Thread" daemon [_thread_blocked, id=41731, stack(0x000000016eec8000,0x000000016f0cb000)]
  0x0000000144099a00 JavaThread "C1 CompilerThread0" daemon [_thread_blocked, id=41219, stack(0x000000016f0d4000,0x000000016f2d7000)]
  0x0000000143be4800 JavaThread "Sweeper thread" daemon [_thread_blocked, id=23555, stack(0x000000016f2e0000,0x000000016f4e3000)]
  0x000000011381bc00 JavaThread "Common-Cleaner" daemon [_thread_blocked, id=23811, stack(0x000000016f4ec000,0x000000016f6ef000)]
=>0x0000000143bea400 JavaThread "Monitor Ctrl-Break" daemon [_thread_in_native, id=24067, stack(0x000000016f6f8000,0x000000016f8fb000)]
  0x000000014419ce00 JavaThread "JFR Recorder Thread" daemon [_thread_blocked, id=40451, stack(0x000000016f904000,0x000000016fb07000)]
  0x0000000143f59200 JavaThread "JFR Periodic Tasks" daemon [_thread_blocked, id=40195, stack(0x000000016fb10000,0x000000016fd13000)]
  0x0000000143beaa00 JavaThread "Async-profiler Timer" daemon [_thread_in_native, id=25091, stack(0x000000016fda8000,0x000000016ffab000)]
  0x000000014431f400 JavaThread "Notification Thread" daemon [_thread_blocked, id=39427, stack(0x000000016ffb4000,0x00000001701b7000)]

Other Threads:
  0x0000000143092510 VMThread "VM Thread" [stack: 0x000000016e374000,0x000000016e577000] [id=15875]
  0x0000000111adea50 GCTaskThread "GC Thread#0" [stack: 0x000000016d938000,0x000000016db3b000] [id=20483]
  0x0000000111adf900 ConcurrentGCThread "G1 Main Marker" [stack: 0x000000016db44000,0x000000016dd47000] [id=19971]
  0x0000000111ae06d0 ConcurrentGCThread "G1 Conc#0" [stack: 0x000000016dd50000,0x000000016df53000] [id=19459]
  0x0000000111afa580 ConcurrentGCThread "G1 Refine#0" [stack: 0x000000016df5c000,0x000000016e15f000] [id=14083]
  0x0000000111afb320 ConcurrentGCThread "G1 Service" [stack: 0x000000016e168000,0x000000016e36b000] [id=18947]

Threads with active compile tasks:

VM state: not at safepoint (normal execution)

VM Mutex/Monitor currently owned by a thread: None

Heap address: 0x0000000780000000, size: 2048 MB, Compressed Oops mode: Zero based, Oop shift amount: 3

CDS archive(s) mapped at: [0x0000000800000000-0x0000000800bd4000-0x0000000800bd4000), size 12402688, SharedBaseAddress: 0x0000000800000000, ArchiveRelocationMode: 0.
Compressed class space mapped at: 0x0000000801000000-0x0000000841000000, reserved size: 1073741824
Narrow klass base: 0x0000000800000000, Narrow klass shift: 0, Narrow klass range: 0x100000000

GC Precious Log:
 CPUs: 8 total, 8 available
 Memory: 8192M
 Large Page Support: Disabled
 NUMA Support: Disabled
 Compressed Oops: Enabled (Zero based)
 Heap Region Size: 1M
 Heap Min Capacity: 8M
 Heap Initial Capacity: 128M
 Heap Max Capacity: 2G
 Pre-touch: Disabled
 Parallel Workers: 8
 Concurrent Workers: 2
 Concurrent Refinement Workers: 8
 Periodic GC: Disabled

Heap:
 garbage-first heap   total 133120K, used 23520K [0x0000000780000000, 0x0000000800000000)
  region size 1024K, 23 young (23552K), 0 survivors (0K)
 Metaspace       used 3668K, committed 3840K, reserved 1114112K
  class space    used 445K, committed 512K, reserved 1048576K

Heap Regions: E=young(eden), S=young(survivor), O=old, HS=humongous(starts), HC=humongous(continues), CS=collection set, F=free, OA=open archive, CA=closed archive, TAMS=top-at-mark-start (previous, next)
|   0|0x0000000780000000, 0x0000000780100000, 0x0000000780100000|100%|HS|  |TAMS 0x0000000780000000, 0x0000000780000000| Complete 
|   1|0x0000000780100000, 0x0000000780100000, 0x0000000780200000|  0%| F|  |TAMS 0x0000000780100000, 0x0000000780100000| Untracked 
|   2|0x0000000780200000, 0x0000000780200000, 0x0000000780300000|  0%| F|  |TAMS 0x0000000780200000, 0x0000000780200000| Untracked 
|   3|0x0000000780300000, 0x0000000780300000, 0x0000000780400000|  0%| F|  |TAMS 0x0000000780300000, 0x0000000780300000| Untracked 
|   4|0x0000000780400000, 0x0000000780400000, 0x0000000780500000|  0%| F|  |TAMS 0x0000000780400000, 0x0000000780400000| Untracked 
|   5|0x0000000780500000, 0x0000000780500000, 0x0000000780600000|  0%| F|  |TAMS 0x0000000780500000, 0x0000000780500000| Untracked 
|   6|0x0000000780600000, 0x0000000780600000, 0x0000000780700000|  0%| F|  |TAMS 0x0000000780600000, 0x0000000780600000| Untracked 
|   7|0x0000000780700000, 0x0000000780700000, 0x0000000780800000|  0%| F|  |TAMS 0x0000000780700000, 0x0000000780700000| Untracked 
|   8|0x0000000780800000, 0x0000000780800000, 0x0000000780900000|  0%| F|  |TAMS 0x0000000780800000, 0x0000000780800000| Untracked 
|   9|0x0000000780900000, 0x0000000780900000, 0x0000000780a00000|  0%| F|  |TAMS 0x0000000780900000, 0x0000000780900000| Untracked 
|  10|0x0000000780a00000, 0x0000000780a00000, 0x0000000780b00000|  0%| F|  |TAMS 0x0000000780a00000, 0x0000000780a00000| Untracked 
|  11|0x0000000780b00000, 0x0000000780b00000, 0x0000000780c00000|  0%| F|  |TAMS 0x0000000780b00000, 0x0000000780b00000| Untracked 
|  12|0x0000000780c00000, 0x0000000780c00000, 0x0000000780d00000|  0%| F|  |TAMS 0x0000000780c00000, 0x0000000780c00000| Untracked 
|  13|0x0000000780d00000, 0x0000000780d00000, 0x0000000780e00000|  0%| F|  |TAMS 0x0000000780d00000, 0x0000000780d00000| Untracked 
|  14|0x0000000780e00000, 0x0000000780e00000, 0x0000000780f00000|  0%| F|  |TAMS 0x0000000780e00000, 0x0000000780e00000| Untracked 
|  15|0x0000000780f00000, 0x0000000780f00000, 0x0000000781000000|  0%| F|  |TAMS 0x0000000780f00000, 0x0000000780f00000| Untracked 
|  16|0x0000000781000000, 0x0000000781000000, 0x0000000781100000|  0%| F|  |TAMS 0x0000000781000000, 0x0000000781000000| Untracked 
|  17|0x0000000781100000, 0x0000000781100000, 0x0000000781200000|  0%| F|  |TAMS 0x0000000781100000, 0x0000000781100000| Untracked 
|  18|0x0000000781200000, 0x0000000781200000, 0x0000000781300000|  0%| F|  |TAMS 0x0000000781200000, 0x0000000781200000| Untracked 
|  19|0x0000000781300000, 0x0000000781300000, 0x0000000781400000|  0%| F|  |TAMS 0x0000000781300000, 0x0000000781300000| Untracked 
|  20|0x0000000781400000, 0x0000000781400000, 0x0000000781500000|  0%| F|  |TAMS 0x0000000781400000, 0x0000000781400000| Untracked 
|  21|0x0000000781500000, 0x0000000781500000, 0x0000000781600000|  0%| F|  |TAMS 0x0000000781500000, 0x0000000781500000| Untracked 
|  22|0x0000000781600000, 0x0000000781600000, 0x0000000781700000|  0%| F|  |TAMS 0x0000000781600000, 0x0000000781600000| Untracked 
|  23|0x0000000781700000, 0x0000000781700000, 0x0000000781800000|  0%| F|  |TAMS 0x0000000781700000, 0x0000000781700000| Untracked 
|  24|0x0000000781800000, 0x0000000781800000, 0x0000000781900000|  0%| F|  |TAMS 0x0000000781800000, 0x0000000781800000| Untracked 
|  25|0x0000000781900000, 0x0000000781900000, 0x0000000781a00000|  0%| F|  |TAMS 0x0000000781900000, 0x0000000781900000| Untracked 
|  26|0x0000000781a00000, 0x0000000781a00000, 0x0000000781b00000|  0%| F|  |TAMS 0x0000000781a00000, 0x0000000781a00000| Untracked 
|  27|0x0000000781b00000, 0x0000000781b00000, 0x0000000781c00000|  0%| F|  |TAMS 0x0000000781b00000, 0x0000000781b00000| Untracked 
|  28|0x0000000781c00000, 0x0000000781c00000, 0x0000000781d00000|  0%| F|  |TAMS 0x0000000781c00000, 0x0000000781c00000| Untracked 
|  29|0x0000000781d00000, 0x0000000781d00000, 0x0000000781e00000|  0%| F|  |TAMS 0x0000000781d00000, 0x0000000781d00000| Untracked 
|  30|0x0000000781e00000, 0x0000000781e00000, 0x0000000781f00000|  0%| F|  |TAMS 0x0000000781e00000, 0x0000000781e00000| Untracked 
|  31|0x0000000781f00000, 0x0000000781f00000, 0x0000000782000000|  0%| F|  |TAMS 0x0000000781f00000, 0x0000000781f00000| Untracked 
|  32|0x0000000782000000, 0x0000000782000000, 0x0000000782100000|  0%| F|  |TAMS 0x0000000782000000, 0x0000000782000000| Untracked 
|  33|0x0000000782100000, 0x0000000782100000, 0x0000000782200000|  0%| F|  |TAMS 0x0000000782100000, 0x0000000782100000| Untracked 
|  34|0x0000000782200000, 0x0000000782200000, 0x0000000782300000|  0%| F|  |TAMS 0x0000000782200000, 0x0000000782200000| Untracked 
|  35|0x0000000782300000, 0x0000000782300000, 0x0000000782400000|  0%| F|  |TAMS 0x0000000782300000, 0x0000000782300000| Untracked 
|  36|0x0000000782400000, 0x0000000782400000, 0x0000000782500000|  0%| F|  |TAMS 0x0000000782400000, 0x0000000782400000| Untracked 
|  37|0x0000000782500000, 0x0000000782500000, 0x0000000782600000|  0%| F|  |TAMS 0x0000000782500000, 0x0000000782500000| Untracked 
|  38|0x0000000782600000, 0x0000000782600000, 0x0000000782700000|  0%| F|  |TAMS 0x0000000782600000, 0x0000000782600000| Untracked 
|  39|0x0000000782700000, 0x0000000782700000, 0x0000000782800000|  0%| F|  |TAMS 0x0000000782700000, 0x0000000782700000| Untracked 
|  40|0x0000000782800000, 0x0000000782800000, 0x0000000782900000|  0%| F|  |TAMS 0x0000000782800000, 0x0000000782800000| Untracked 
|  41|0x0000000782900000, 0x0000000782900000, 0x0000000782a00000|  0%| F|  |TAMS 0x0000000782900000, 0x0000000782900000| Untracked 
|  42|0x0000000782a00000, 0x0000000782a00000, 0x0000000782b00000|  0%| F|  |TAMS 0x0000000782a00000, 0x0000000782a00000| Untracked 
|  43|0x0000000782b00000, 0x0000000782b00000, 0x0000000782c00000|  0%| F|  |TAMS 0x0000000782b00000, 0x0000000782b00000| Untracked 
|  44|0x0000000782c00000, 0x0000000782c00000, 0x0000000782d00000|  0%| F|  |TAMS 0x0000000782c00000, 0x0000000782c00000| Untracked 
|  45|0x0000000782d00000, 0x0000000782d00000, 0x0000000782e00000|  0%| F|  |TAMS 0x0000000782d00000, 0x0000000782d00000| Untracked 
|  46|0x0000000782e00000, 0x0000000782e00000, 0x0000000782f00000|  0%| F|  |TAMS 0x0000000782e00000, 0x0000000782e00000| Untracked 
|  47|0x0000000782f00000, 0x0000000782f00000, 0x0000000783000000|  0%| F|  |TAMS 0x0000000782f00000, 0x0000000782f00000| Untracked 
|  48|0x0000000783000000, 0x0000000783000000, 0x0000000783100000|  0%| F|  |TAMS 0x0000000783000000, 0x0000000783000000| Untracked 
|  49|0x0000000783100000, 0x0000000783100000, 0x0000000783200000|  0%| F|  |TAMS 0x0000000783100000, 0x0000000783100000| Untracked 
|  50|0x0000000783200000, 0x0000000783200000, 0x0000000783300000|  0%| F|  |TAMS 0x0000000783200000, 0x0000000783200000| Untracked 
|  51|0x0000000783300000, 0x0000000783300000, 0x0000000783400000|  0%| F|  |TAMS 0x0000000783300000, 0x0000000783300000| Untracked 
|  52|0x0000000783400000, 0x0000000783400000, 0x0000000783500000|  0%| F|  |TAMS 0x0000000783400000, 0x0000000783400000| Untracked 
|  53|0x0000000783500000, 0x0000000783500000, 0x0000000783600000|  0%| F|  |TAMS 0x0000000783500000, 0x0000000783500000| Untracked 
|  54|0x0000000783600000, 0x0000000783600000, 0x0000000783700000|  0%| F|  |TAMS 0x0000000783600000, 0x0000000783600000| Untracked 
|  55|0x0000000783700000, 0x0000000783700000, 0x0000000783800000|  0%| F|  |TAMS 0x0000000783700000, 0x0000000783700000| Untracked 
|  56|0x0000000783800000, 0x0000000783800000, 0x0000000783900000|  0%| F|  |TAMS 0x0000000783800000, 0x0000000783800000| Untracked 
|  57|0x0000000783900000, 0x0000000783900000, 0x0000000783a00000|  0%| F|  |TAMS 0x0000000783900000, 0x0000000783900000| Untracked 
|  58|0x0000000783a00000, 0x0000000783a00000, 0x0000000783b00000|  0%| F|  |TAMS 0x0000000783a00000, 0x0000000783a00000| Untracked 
|  59|0x0000000783b00000, 0x0000000783b00000, 0x0000000783c00000|  0%| F|  |TAMS 0x0000000783b00000, 0x0000000783b00000| Untracked 
|  60|0x0000000783c00000, 0x0000000783c00000, 0x0000000783d00000|  0%| F|  |TAMS 0x0000000783c00000, 0x0000000783c00000| Untracked 
|  61|0x0000000783d00000, 0x0000000783d00000, 0x0000000783e00000|  0%| F|  |TAMS 0x0000000783d00000, 0x0000000783d00000| Untracked 
|  62|0x0000000783e00000, 0x0000000783e00000, 0x0000000783f00000|  0%| F|  |TAMS 0x0000000783e00000, 0x0000000783e00000| Untracked 
|  63|0x0000000783f00000, 0x0000000783f00000, 0x0000000784000000|  0%| F|  |TAMS 0x0000000783f00000, 0x0000000783f00000| Untracked 
|  64|0x0000000784000000, 0x0000000784000000, 0x0000000784100000|  0%| F|  |TAMS 0x0000000784000000, 0x0000000784000000| Untracked 
|  65|0x0000000784100000, 0x0000000784100000, 0x0000000784200000|  0%| F|  |TAMS 0x0000000784100000, 0x0000000784100000| Untracked 
|  66|0x0000000784200000, 0x0000000784200000, 0x0000000784300000|  0%| F|  |TAMS 0x0000000784200000, 0x0000000784200000| Untracked 
|  67|0x0000000784300000, 0x0000000784300000, 0x0000000784400000|  0%| F|  |TAMS 0x0000000784300000, 0x0000000784300000| Untracked 
|  68|0x0000000784400000, 0x0000000784400000, 0x0000000784500000|  0%| F|  |TAMS 0x0000000784400000, 0x0000000784400000| Untracked 
|  69|0x0000000784500000, 0x0000000784500000, 0x0000000784600000|  0%| F|  |TAMS 0x0000000784500000, 0x0000000784500000| Untracked 
|  70|0x0000000784600000, 0x0000000784600000, 0x0000000784700000|  0%| F|  |TAMS 0x0000000784600000, 0x0000000784600000| Untracked 
|  71|0x0000000784700000, 0x0000000784700000, 0x0000000784800000|  0%| F|  |TAMS 0x0000000784700000, 0x0000000784700000| Untracked 
|  72|0x0000000784800000, 0x0000000784800000, 0x0000000784900000|  0%| F|  |TAMS 0x0000000784800000, 0x0000000784800000| Untracked 
|  73|0x0000000784900000, 0x0000000784900000, 0x0000000784a00000|  0%| F|  |TAMS 0x0000000784900000, 0x0000000784900000| Untracked 
|  74|0x0000000784a00000, 0x0000000784a00000, 0x0000000784b00000|  0%| F|  |TAMS 0x0000000784a00000, 0x0000000784a00000| Untracked 
|  75|0x0000000784b00000, 0x0000000784b00000, 0x0000000784c00000|  0%| F|  |TAMS 0x0000000784b00000, 0x0000000784b00000| Untracked 
|  76|0x0000000784c00000, 0x0000000784c00000, 0x0000000784d00000|  0%| F|  |TAMS 0x0000000784c00000, 0x0000000784c00000| Untracked 
|  77|0x0000000784d00000, 0x0000000784d00000, 0x0000000784e00000|  0%| F|  |TAMS 0x0000000784d00000, 0x0000000784d00000| Untracked 
|  78|0x0000000784e00000, 0x0000000784e00000, 0x0000000784f00000|  0%| F|  |TAMS 0x0000000784e00000, 0x0000000784e00000| Untracked 
|  79|0x0000000784f00000, 0x0000000784f00000, 0x0000000785000000|  0%| F|  |TAMS 0x0000000784f00000, 0x0000000784f00000| Untracked 
|  80|0x0000000785000000, 0x0000000785000000, 0x0000000785100000|  0%| F|  |TAMS 0x0000000785000000, 0x0000000785000000| Untracked 
|  81|0x0000000785100000, 0x0000000785100000, 0x0000000785200000|  0%| F|  |TAMS 0x0000000785100000, 0x0000000785100000| Untracked 
|  82|0x0000000785200000, 0x0000000785200000, 0x0000000785300000|  0%| F|  |TAMS 0x0000000785200000, 0x0000000785200000| Untracked 
|  83|0x0000000785300000, 0x0000000785300000, 0x0000000785400000|  0%| F|  |TAMS 0x0000000785300000, 0x0000000785300000| Untracked 
|  84|0x0000000785400000, 0x0000000785400000, 0x0000000785500000|  0%| F|  |TAMS 0x0000000785400000, 0x0000000785400000| Untracked 
|  85|0x0000000785500000, 0x0000000785500000, 0x0000000785600000|  0%| F|  |TAMS 0x0000000785500000, 0x0000000785500000| Untracked 
|  86|0x0000000785600000, 0x0000000785600000, 0x0000000785700000|  0%| F|  |TAMS 0x0000000785600000, 0x0000000785600000| Untracked 
|  87|0x0000000785700000, 0x0000000785700000, 0x0000000785800000|  0%| F|  |TAMS 0x0000000785700000, 0x0000000785700000| Untracked 
|  88|0x0000000785800000, 0x0000000785800000, 0x0000000785900000|  0%| F|  |TAMS 0x0000000785800000, 0x0000000785800000| Untracked 
|  89|0x0000000785900000, 0x0000000785900000, 0x0000000785a00000|  0%| F|  |TAMS 0x0000000785900000, 0x0000000785900000| Untracked 
|  90|0x0000000785a00000, 0x0000000785a00000, 0x0000000785b00000|  0%| F|  |TAMS 0x0000000785a00000, 0x0000000785a00000| Untracked 
|  91|0x0000000785b00000, 0x0000000785b00000, 0x0000000785c00000|  0%| F|  |TAMS 0x0000000785b00000, 0x0000000785b00000| Untracked 
|  92|0x0000000785c00000, 0x0000000785c00000, 0x0000000785d00000|  0%| F|  |TAMS 0x0000000785c00000, 0x0000000785c00000| Untracked 
|  93|0x0000000785d00000, 0x0000000785d00000, 0x0000000785e00000|  0%| F|  |TAMS 0x0000000785d00000, 0x0000000785d00000| Untracked 
|  94|0x0000000785e00000, 0x0000000785e00000, 0x0000000785f00000|  0%| F|  |TAMS 0x0000000785e00000, 0x0000000785e00000| Untracked 
|  95|0x0000000785f00000, 0x0000000785f00000, 0x0000000786000000|  0%| F|  |TAMS 0x0000000785f00000, 0x0000000785f00000| Untracked 
|  96|0x0000000786000000, 0x0000000786000000, 0x0000000786100000|  0%| F|  |TAMS 0x0000000786000000, 0x0000000786000000| Untracked 
|  97|0x0000000786100000, 0x0000000786100000, 0x0000000786200000|  0%| F|  |TAMS 0x0000000786100000, 0x0000000786100000| Untracked 
|  98|0x0000000786200000, 0x0000000786200000, 0x0000000786300000|  0%| F|  |TAMS 0x0000000786200000, 0x0000000786200000| Untracked 
|  99|0x0000000786300000, 0x0000000786300000, 0x0000000786400000|  0%| F|  |TAMS 0x0000000786300000, 0x0000000786300000| Untracked 
| 100|0x0000000786400000, 0x0000000786400000, 0x0000000786500000|  0%| F|  |TAMS 0x0000000786400000, 0x0000000786400000| Untracked 
| 101|0x0000000786500000, 0x0000000786500000, 0x0000000786600000|  0%| F|  |TAMS 0x0000000786500000, 0x0000000786500000| Untracked 
| 102|0x0000000786600000, 0x0000000786600000, 0x0000000786700000|  0%| F|  |TAMS 0x0000000786600000, 0x0000000786600000| Untracked 
| 103|0x0000000786700000, 0x0000000786700000, 0x0000000786800000|  0%| F|  |TAMS 0x0000000786700000, 0x0000000786700000| Untracked 
| 104|0x0000000786800000, 0x0000000786800000, 0x0000000786900000|  0%| F|  |TAMS 0x0000000786800000, 0x0000000786800000| Untracked 
| 105|0x0000000786900000, 0x0000000786a00000, 0x0000000786a00000|100%| E|  |TAMS 0x0000000786900000, 0x0000000786900000| Complete 
| 106|0x0000000786a00000, 0x0000000786b00000, 0x0000000786b00000|100%| E|CS|TAMS 0x0000000786a00000, 0x0000000786a00000| Complete 
| 107|0x0000000786b00000, 0x0000000786c00000, 0x0000000786c00000|100%| E|CS|TAMS 0x0000000786b00000, 0x0000000786b00000| Complete 
| 108|0x0000000786c00000, 0x0000000786d00000, 0x0000000786d00000|100%| E|CS|TAMS 0x0000000786c00000, 0x0000000786c00000| Complete 
| 109|0x0000000786d00000, 0x0000000786e00000, 0x0000000786e00000|100%| E|CS|TAMS 0x0000000786d00000, 0x0000000786d00000| Complete 
| 110|0x0000000786e00000, 0x0000000786f00000, 0x0000000786f00000|100%| E|CS|TAMS 0x0000000786e00000, 0x0000000786e00000| Complete 
| 111|0x0000000786f00000, 0x0000000787000000, 0x0000000787000000|100%| E|CS|TAMS 0x0000000786f00000, 0x0000000786f00000| Complete 
| 112|0x0000000787000000, 0x0000000787100000, 0x0000000787100000|100%| E|CS|TAMS 0x0000000787000000, 0x0000000787000000| Complete 
| 113|0x0000000787100000, 0x0000000787200000, 0x0000000787200000|100%| E|CS|TAMS 0x0000000787100000, 0x0000000787100000| Complete 
| 114|0x0000000787200000, 0x0000000787300000, 0x0000000787300000|100%| E|CS|TAMS 0x0000000787200000, 0x0000000787200000| Complete 
| 115|0x0000000787300000, 0x0000000787400000, 0x0000000787400000|100%| E|CS|TAMS 0x0000000787300000, 0x0000000787300000| Complete 
| 116|0x0000000787400000, 0x0000000787500000, 0x0000000787500000|100%| E|CS|TAMS 0x0000000787400000, 0x0000000787400000| Complete 
| 117|0x0000000787500000, 0x0000000787600000, 0x0000000787600000|100%| E|CS|TAMS 0x0000000787500000, 0x0000000787500000| Complete 
| 118|0x0000000787600000, 0x0000000787700000, 0x0000000787700000|100%| E|CS|TAMS 0x0000000787600000, 0x0000000787600000| Complete 
| 119|0x0000000787700000, 0x0000000787800000, 0x0000000787800000|100%| E|CS|TAMS 0x0000000787700000, 0x0000000787700000| Complete 
| 120|0x0000000787800000, 0x0000000787900000, 0x0000000787900000|100%| E|CS|TAMS 0x0000000787800000, 0x0000000787800000| Complete 
| 121|0x0000000787900000, 0x0000000787a00000, 0x0000000787a00000|100%| E|CS|TAMS 0x0000000787900000, 0x0000000787900000| Complete 
| 122|0x0000000787a00000, 0x0000000787b00000, 0x0000000787b00000|100%| E|CS|TAMS 0x0000000787a00000, 0x0000000787a00000| Complete 
| 123|0x0000000787b00000, 0x0000000787c00000, 0x0000000787c00000|100%| E|CS|TAMS 0x0000000787b00000, 0x0000000787b00000| Complete 
| 124|0x0000000787c00000, 0x0000000787d00000, 0x0000000787d00000|100%| E|CS|TAMS 0x0000000787c00000, 0x0000000787c00000| Complete 
| 125|0x0000000787d00000, 0x0000000787e00000, 0x0000000787e00000|100%| E|CS|TAMS 0x0000000787d00000, 0x0000000787d00000| Complete 
| 126|0x0000000787e00000, 0x0000000787f00000, 0x0000000787f00000|100%| E|  |TAMS 0x0000000787e00000, 0x0000000787e00000| Complete 
| 127|0x0000000787f00000, 0x0000000788000000, 0x0000000788000000|100%| E|CS|TAMS 0x0000000787f00000, 0x0000000787f00000| Complete 
|2046|0x00000007ffe00000, 0x00000007ffe78000, 0x00000007fff00000| 46%|OA|  |TAMS 0x00000007ffe00000, 0x00000007ffe00000| Untracked 
|2047|0x00000007fff00000, 0x00000007fff80000, 0x0000000800000000| 50%|CA|  |TAMS 0x00000007fff00000, 0x00000007fff00000| Untracked 

Card table byte_map: [0x0000000117000000,0x0000000117400000] _byte_map_base: 0x0000000113400000

Marking Bits (Prev, Next): (CMBitMap*) 0x0000000143b35010, (CMBitMap*) 0x0000000143b35050
 Prev Bits: [0x0000000130000000, 0x0000000132000000)
 Next Bits: [0x0000000133000000, 0x0000000135000000)

Polling page: 0x00000001027f4000

Metaspace:

Usage:
  Non-class:      3.17 MB used.
      Class:    450.85 KB used.
       Both:      3.61 MB used.

Virtual space:
  Non-class space:       64.00 MB reserved,       3.25 MB (  5%) committed,  1 nodes.
      Class space:        1.00 GB reserved,     512.00 KB ( <1%) committed,  1 nodes.
             Both:        1.06 GB reserved,       3.75 MB ( <1%) committed. 

Chunk freelists:
   Non-Class:  11.92 MB
       Class:  15.53 MB
        Both:  27.45 MB

MaxMetaspaceSize: unlimited
CompressedClassSpaceSize: 1.00 GB
Initial GC threshold: 21.00 MB
Current GC threshold: 21.00 MB
CDS: on
MetaspaceReclaimPolicy: balanced
 - commit_granule_bytes: 65536.
 - commit_granule_words: 8192.
 - virtual_space_node_default_size: 8388608.
 - enlarge_chunks_in_place: 1.
 - new_chunks_are_fully_committed: 0.
 - uncommit_free_chunks: 1.
 - use_allocation_guard: 0.
 - handle_deallocations: 1.


Internal statistics:

num_allocs_failed_limit: 0.
num_arena_births: 64.
num_arena_deaths: 0.
num_vsnodes_births: 2.
num_vsnodes_deaths: 0.
num_space_committed: 60.
num_space_uncommitted: 0.
num_chunks_returned_to_freelist: 0.
num_chunks_taken_from_freelist: 83.
num_chunk_merges: 0.
num_chunk_splits: 45.
num_chunks_enlarged: 17.
num_inconsistent_stats: 0.

CodeCache: size=49152Kb used=3097Kb max_used=3097Kb free=46054Kb
 bounds [0x0000000114000000, 0x0000000114310000, 0x0000000117000000]
 total_blobs=1502 nmethods=1076 adapters=358
 compilation: enabled
              stopped_count=0, restarted_count=0
 full_count=0

Compilation events (20 events):
Event: 1.703 Thread 0x0000000144099a00 1061       1       jdk.internal.jimage.ImageLocation::readValue (61 bytes)
Event: 1.703 Thread 0x0000000144099a00 nmethod 1061 0x00000001142f7290 code [0x00000001142f7440, 0x00000001142f7618]
Event: 1.703 Thread 0x0000000144099a00 1062       1       jdk.internal.jimage.ImageHeader::getTableLength (5 bytes)
Event: 1.703 Thread 0x0000000144099a00 nmethod 1062 0x00000001142f7810 code [0x00000001142f7980, 0x00000001142f7a18]
Event: 1.703 Thread 0x0000000144099a00 1063       1       sun.net.www.ParseUtil::firstEncodeIndex (86 bytes)
Event: 1.703 Thread 0x0000000144099a00 nmethod 1063 0x00000001142f7b10 code [0x00000001142f7cc0, 0x00000001142f7f78]
Event: 1.703 Thread 0x0000000144099a00 1064       1       java.net.URL::getPort (5 bytes)
Event: 1.703 Thread 0x0000000144099a00 nmethod 1064 0x00000001142f8590 code [0x00000001142f8700, 0x00000001142f8798]
Event: 1.704 Thread 0x0000000144099a00 1068       1       java.lang.invoke.MemberName::isStatic (8 bytes)
Event: 1.704 Thread 0x0000000144099a00 nmethod 1068 0x00000001142f9610 code [0x00000001142f9780, 0x00000001142f9858]
Event: 1.704 Thread 0x0000000144099a00 1069   !   1       java.lang.invoke.MemberName$Factory::resolve (159 bytes)
Event: 1.704 Thread 0x0000000144099a00 nmethod 1069 0x00000001142f9910 code [0x00000001142f9b00, 0x00000001142f9e78]
Event: 1.704 Thread 0x0000000144099a00 1071       1       java.lang.invoke.LambdaForm$Name::initIndex (26 bytes)
Event: 1.704 Thread 0x0000000144099a00 nmethod 1071 0x00000001142fa310 code [0x00000001142fa4c0, 0x00000001142fa5d8]
Event: 1.704 Thread 0x0000000144099a00 1072       1       jdk.internal.org.objectweb.asm.ClassWriter::toByteArray (1515 bytes)
Event: 1.707 Thread 0x0000000144099a00 nmethod 1072 0x00000001142fb610 code [0x00000001142fbd40, 0x00000001142fde98]
Event: 1.707 Thread 0x0000000144099a00 1074       1       java.lang.invoke.MemberName::checkForTypeAlias (172 bytes)
Event: 1.708 Thread 0x0000000144099a00 nmethod 1074 0x0000000114302390 code [0x00000001143026c0, 0x0000000114303218]
Event: 1.708 Thread 0x0000000144099a00 1073       1       jdk.internal.org.objectweb.asm.SymbolTable::getConstantPoolCount (5 bytes)
Event: 1.708 Thread 0x0000000144099a00 nmethod 1073 0x0000000114304210 code [0x0000000114304380, 0x0000000114304418]

GC Heap History (0 events):
No events

Dll operation events (9 events):
Event: 1.500 Loaded shared library /opt/homebrew/Cellar/openjdk@17/17.0.7/libexec/openjdk.jdk/Contents/Home/lib/libjava.dylib
Event: 1.532 Loaded shared library /opt/homebrew/Cellar/openjdk@17/17.0.7/libexec/openjdk.jdk/Contents/Home/lib/libzip.dylib
Event: 1.533 Loaded shared library /opt/homebrew/Cellar/openjdk@17/17.0.7/libexec/openjdk.jdk/Contents/Home/lib/libinstrument.dylib
Event: 1.534 Loaded shared library /opt/homebrew/Cellar/openjdk@17/17.0.7/libexec/openjdk.jdk/Contents/Home/lib/libnio.dylib
Event: 1.537 Loaded shared library /opt/homebrew/Cellar/openjdk@17/17.0.7/libexec/openjdk.jdk/Contents/Home/lib/libzip.dylib
Event: 1.574 Loaded shared library /opt/homebrew/Cellar/openjdk@17/17.0.7/libexec/openjdk.jdk/Contents/Home/lib/libnet.dylib
Event: 1.578 Loaded shared library /opt/homebrew/Cellar/openjdk@17/17.0.7/libexec/openjdk.jdk/Contents/Home/lib/libextnet.dylib
Event: 1.597 Loaded shared library /opt/homebrew/Cellar/openjdk@17/17.0.7/libexec/openjdk.jdk/Contents/Home/lib/libjimage.dylib
Event: 1.708 Loaded shared library /opt/homebrew/Cellar/openjdk@17/17.0.7/libexec/openjdk.jdk/Contents/Home/lib/libmanagement.dylib

Deoptimization events (6 events):
Event: 1.640 Thread 0x0000000143815200 DEOPT PACKING pc=0x0000000114237298 sp=0x000000016d92c930
Event: 1.640 Thread 0x0000000143815200 DEOPT UNPACKING pc=0x000000011404777c sp=0x000000016d92c620 mode 3
Event: 1.645 Thread 0x0000000143815200 DEOPT PACKING pc=0x00000001141fc18c sp=0x000000016d92da30
Event: 1.645 Thread 0x0000000143815200 DEOPT UNPACKING pc=0x000000011404777c sp=0x000000016d92d7a0 mode 3
Event: 1.676 Thread 0x0000000143815200 DEOPT PACKING pc=0x00000001142ac7f4 sp=0x000000016d92c4c0
Event: 1.676 Thread 0x0000000143815200 DEOPT UNPACKING pc=0x000000011404777c sp=0x000000016d92c180 mode 3

Classes unloaded (0 events):
No events

Classes redefined (9 events):
Event: 1.684 Thread 0x0000000143092510 redefined class name=java.io.FileInputStream, count=1
Event: 1.684 Thread 0x0000000143092510 redefined class name=java.io.FileOutputStream, count=1
Event: 1.684 Thread 0x0000000143092510 redefined class name=java.io.RandomAccessFile, count=1
Event: 1.685 Thread 0x0000000143092510 redefined class name=sun.nio.ch.FileChannelImpl, count=1
Event: 1.685 Thread 0x0000000143092510 redefined class name=java.net.Socket$SocketInputStream, count=1
Event: 1.685 Thread 0x0000000143092510 redefined class name=java.net.Socket$SocketOutputStream, count=1
Event: 1.685 Thread 0x0000000143092510 redefined class name=sun.nio.ch.SocketChannelImpl, count=1
Event: 1.685 Thread 0x0000000143092510 redefined class name=java.lang.Throwable, count=1
Event: 1.685 Thread 0x0000000143092510 redefined class name=java.lang.Error, count=2

Internal exceptions (20 events):
Event: 1.643 Thread 0x0000000143815200 Exception <a 'java/lang/ClassNotFoundException'{0x00000007874db430}: jdk/jfr/internal/handlers/EventHandler1456_1695252100534-65425> (0x00000007874db430) 
thrown [src/hotspot/share/classfile/systemDictionary.cpp, line 256]
Event: 1.643 Thread 0x0000000143815200 Exception <a 'java/lang/ClassNotFoundException'{0x00000007874e5eb0}: jdk/jfr/internal/handlers/EventHandler1458_1695252100534-65425> (0x00000007874e5eb0) 
thrown [src/hotspot/share/classfile/systemDictionary.cpp, line 256]
Event: 1.643 Thread 0x0000000143815200 Exception <a 'java/lang/ClassNotFoundException'{0x00000007874f2250}: jdk/jfr/internal/handlers/EventHandler1460_1695252100534-65425> (0x00000007874f2250) 
thrown [src/hotspot/share/classfile/systemDictionary.cpp, line 256]
Event: 1.644 Thread 0x0000000143815200 Exception <a 'java/lang/ClassNotFoundException'{0x0000000787314b08}: jdk/jfr/internal/handlers/EventHandler1462_1695252100534-65425> (0x0000000787314b08) 
thrown [src/hotspot/share/classfile/systemDictionary.cpp, line 256]
Event: 1.645 Thread 0x0000000143815200 Exception <a 'java/lang/ClassNotFoundException'{0x0000000787327010}: jdk/jfr/internal/handlers/EventHandler1464_1695252100534-65425> (0x0000000787327010) 
thrown [src/hotspot/share/classfile/systemDictionary.cpp, line 256]
Event: 1.645 Thread 0x0000000143815200 Exception <a 'java/lang/ClassNotFoundException'{0x0000000787337008}: jdk/jfr/internal/handlers/EventHandler1466_1695252100534-65425> (0x0000000787337008) 
thrown [src/hotspot/share/classfile/systemDictionary.cpp, line 256]
Event: 1.646 Thread 0x0000000143815200 Exception <a 'java/lang/ClassNotFoundException'{0x0000000787343f58}: jdk/jfr/internal/handlers/EventHandler1468_1695252100534-65425> (0x0000000787343f58) 
thrown [src/hotspot/share/classfile/systemDictionary.cpp, line 256]
Event: 1.647 Thread 0x0000000143815200 Exception <a 'java/lang/ClassNotFoundException'{0x000000078736b2b8}: jdk/jfr/internal/handlers/EventHandler1470_1695252100534-65425> (0x000000078736b2b8) 
thrown [src/hotspot/share/classfile/systemDictionary.cpp, line 256]
Event: 1.647 Thread 0x0000000143815200 Exception <a 'java/lang/ClassNotFoundException'{0x000000078737f9f0}: jdk/jfr/internal/handlers/EventHandler1472_1695252100534-65425> (0x000000078737f9f0) 
thrown [src/hotspot/share/classfile/systemDictionary.cpp, line 256]
Event: 1.648 Thread 0x0000000143815200 Exception <a 'java/lang/ClassNotFoundException'{0x00000007873981f8}: jdk/jfr/internal/handlers/EventHandler1474_1695252100534-65425> (0x00000007873981f8) 
thrown [src/hotspot/share/classfile/systemDictionary.cpp, line 256]
Event: 1.649 Thread 0x0000000143815200 Exception <a 'java/lang/ClassNotFoundException'{0x00000007873a8400}: jdk/jfr/internal/handlers/EventHandler1477_1695252100534-65425> (0x00000007873a8400) 
thrown [src/hotspot/share/classfile/systemDictionary.cpp, line 256]
Event: 1.649 Thread 0x0000000143815200 Exception <a 'java/lang/ClassNotFoundException'{0x00000007873b3d60}: jdk/jfr/internal/handlers/EventHandler1479_1695252100534-65425> (0x00000007873b3d60) 
thrown [src/hotspot/share/classfile/systemDictionary.cpp, line 256]
Event: 1.650 Thread 0x0000000143815200 Exception <a 'java/lang/ClassNotFoundException'{0x00000007873ca7d8}: jdk/jfr/internal/handlers/EventHandler1744_1695252100534-65425> (0x00000007873ca7d8) 
thrown [src/hotspot/share/classfile/systemDictionary.cpp, line 256]
Event: 1.651 Thread 0x0000000143815200 Exception <a 'java/lang/ClassNotFoundException'{0x00000007873da2e8}: jdk/jfr/internal/handlers/EventHandler1747_1695252100534-65425> (0x00000007873da2e8) 
thrown [src/hotspot/share/classfile/systemDictionary.cpp, line 256]
Event: 1.651 Thread 0x0000000143815200 Exception <a 'java/lang/ClassNotFoundException'{0x00000007873e7c50}: jdk/jfr/internal/handlers/EventHandler1750_1695252100534-65425> (0x00000007873e7c50) 
thrown [src/hotspot/share/classfile/systemDictionary.cpp, line 256]
Event: 1.651 Thread 0x0000000143815200 Exception <a 'java/lang/ClassNotFoundException'{0x00000007873f5d18}: jdk/jfr/internal/handlers/EventHandler1753_1695252100534-65425> (0x00000007873f5d18) 
thrown [src/hotspot/share/classfile/systemDictionary.cpp, line 256]
Event: 1.652 Thread 0x0000000143815200 Exception <a 'java/lang/ClassNotFoundException'{0x0000000787202478}: jdk/jfr/internal/handlers/EventHandler1756_1695252100534-65425> (0x0000000787202478) 
thrown [src/hotspot/share/classfile/systemDictionary.cpp, line 256]
Event: 1.687 Thread 0x0000000143815200 Exception <a 'java/lang/NoSuchMethodError'{0x0000000786c01338}: 'void java.lang.invoke.DirectMethodHandle$Holder.invokeStatic(java.lang.Object, java.lang.Object, int)'> (0x0000000786c01338) 
thrown [src/hotspot/share/interpreter/linkResolver.cpp, line 759]
Event: 1.687 Thread 0x0000000143815200 Exception <a 'java/lang/NoSuchMethodError'{0x0000000786c07488}: 'java.lang.Object java.lang.invoke.DirectMethodHandle$Holder.newInvokeSpecial(java.lang.Object, java.lang.Object, int)'> (0x0000000786c07488) 
thrown [src/hotspot/share/interpreter/linkResolver.cpp, line 759]
Event: 1.692 Thread 0x0000000143815200 Exception <a 'java/lang/NoSuchMethodError'{0x0000000786c46160}: 'void java.lang.invoke.DirectMethodHandle$Holder.invokeSpecial(java.lang.Object, java.lang.Object, java.lang.Object)'> (0x0000000786c46160) 
thrown [src/hotspot/share/interpreter/linkResolver.cpp, line 759]

VM Operations (14 events):
Event: 1.574 Executing VM operation: HandshakeAllThreads
Event: 1.574 Executing VM operation: HandshakeAllThreads done
Event: 1.583 Executing VM operation: HandshakeAllThreads
Event: 1.583 Executing VM operation: HandshakeAllThreads done
Event: 1.640 Executing VM operation: ICBufferFull
Event: 1.640 Executing VM operation: ICBufferFull done
Event: 1.683 Executing VM operation: ICBufferFull
Event: 1.683 Executing VM operation: ICBufferFull done
Event: 1.684 Executing VM operation: RedefineClasses
Event: 1.686 Executing VM operation: RedefineClasses done
Event: 1.691 Executing VM operation: HandshakeAllThreads
Event: 1.691 Executing VM operation: HandshakeAllThreads done
Event: 1.699 Executing VM operation: JFRCheckpoint
Event: 1.699 Executing VM operation: JFRCheckpoint done

Events (20 events):
Event: 1.709 loading class javax/management/DynamicMBean
Event: 1.709 loading class javax/management/DynamicMBean done
Event: 1.709 loading class javax/management/MBeanRegistration
Event: 1.709 loading class javax/management/MBeanRegistration done
Event: 1.709 loading class javax/management/MBeanServerDelegate
Event: 1.709 loading class javax/management/MBeanServerDelegateMBean
Event: 1.709 loading class javax/management/MBeanServerDelegateMBean done
Event: 1.709 loading class javax/management/NotificationEmitter
Event: 1.709 loading class javax/management/NotificationBroadcaster
Event: 1.709 loading class javax/management/NotificationBroadcaster done
Event: 1.709 loading class javax/management/NotificationEmitter done
Event: 1.709 loading class javax/management/MBeanServerDelegate done
Event: 1.709 loading class com/sun/jmx/mbeanserver/MBeanServerDelegateImpl done
Event: 1.709 loading class javax/management/MBeanNotificationInfo
Event: 1.709 loading class javax/management/MBeanFeatureInfo
Event: 1.709 loading class javax/management/DescriptorRead
Event: 1.709 loading class javax/management/DescriptorRead done
Event: 1.709 loading class javax/management/MBeanFeatureInfo done
Event: 1.709 loading class javax/management/MBeanNotificationInfo done
Event: 1.709 loading class javax/management/MBeanInfo


Dynamic libraries:
0x00000001a5b30000 	/usr/lib/libz.1.dylib
0x000000010277c000 	/opt/homebrew/Cellar/openjdk@17/17.0.7/libexec/openjdk.jdk/Contents/Home/lib/libjli.dylib
0x00000001b0059000 	/System/Library/Frameworks/Cocoa.framework/Versions/A/Cocoa
0x000000019df72000 	/System/Library/Frameworks/Security.framework/Versions/A/Security
0x00000001ae3c5000 	/System/Library/Frameworks/ApplicationServices.framework/Versions/A/ApplicationServices
0x00000001a5bd6000 	/usr/lib/libSystem.B.dylib
0x00000001a5bd0000 	/usr/lib/system/libcache.dylib
0x00000001a5b8f000 	/usr/lib/system/libcommonCrypto.dylib
0x00000001a5bb9000 	/usr/lib/system/libcompiler_rt.dylib
0x00000001a5bb0000 	/usr/lib/system/libcopyfile.dylib
0x000000019bee8000 	/usr/lib/system/libcorecrypto.dylib
0x000000019bf88000 	/usr/lib/system/libdispatch.dylib
0x000000019c141000 	/usr/lib/system/libdyld.dylib
0x00000001a5bc6000 	/usr/lib/system/libkeymgr.dylib
0x00000001a8ff5000 	/usr/lib/system/liblaunch.dylib
0x00000001a5b71000 	/usr/lib/system/libmacho.dylib
0x00000001a53e3000 	/usr/lib/system/libquarantine.dylib
0x00000001a5bc3000 	/usr/lib/system/libremovefile.dylib
0x00000001a09d2000 	/usr/lib/system/libsystem_asl.dylib
0x000000019be96000 	/usr/lib/system/libsystem_blocks.dylib
0x000000019c00a000 	/usr/lib/system/libsystem_c.dylib
0x00000001a5bbd000 	/usr/lib/system/libsystem_collections.dylib
0x00000001a4a1d000 	/usr/lib/system/libsystem_configuration.dylib
0x00000001a3d9f000 	/usr/lib/system/libsystem_containermanager.dylib
0x00000001a5946000 	/usr/lib/system/libsystem_coreservices.dylib
0x000000019e54b000 	/usr/lib/system/libsystem_darwin.dylib
0x00000001a5bc7000 	/usr/lib/system/libsystem_dnssd.dylib
0x000000019c007000 	/usr/lib/system/libsystem_featureflags.dylib
0x000000019c18a000 	/usr/lib/system/libsystem_info.dylib
0x00000001a5b42000 	/usr/lib/system/libsystem_m.dylib
0x000000019bf5c000 	/usr/lib/system/libsystem_malloc.dylib
0x00000001a096d000 	/usr/lib/system/libsystem_networkextension.dylib
0x000000019e98e000 	/usr/lib/system/libsystem_notify.dylib
0x00000001ab4a9000 	/usr/lib/system/libsystem_product_info_filter.dylib
0x00000001a4a22000 	/usr/lib/system/libsystem_sandbox.dylib
0x00000001a5bc0000 	/usr/lib/system/libsystem_secinit.dylib
0x000000019c100000 	/usr/lib/system/libsystem_kernel.dylib
0x000000019c183000 	/usr/lib/system/libsystem_platform.dylib
0x000000019c134000 	/usr/lib/system/libsystem_pthread.dylib
0x00000001a1f43000 	/usr/lib/system/libsystem_symptoms.dylib
0x000000019bed0000 	/usr/lib/system/libsystem_trace.dylib
0x00000001a5b9d000 	/usr/lib/system/libunwind.dylib
0x000000019be98000 	/usr/lib/system/libxpc.dylib
0x000000019c0e8000 	/usr/lib/libc++abi.dylib
0x000000019bfcd000 	/usr/lib/libobjc.A.dylib
0x00000001a5ba8000 	/usr/lib/liboah.dylib
0x000000019c08c000 	/usr/lib/libc++.1.dylib
0x000000019c1b6000 	/System/Library/Frameworks/CoreFoundation.framework/Versions/A/CoreFoundation
0x000000019cf7e000 	/System/Library/Frameworks/Foundation.framework/Versions/C/Foundation
0x000000019e9e8000 	/System/Library/Frameworks/AppKit.framework/Versions/C/AppKit
0x00000001a180c000 	/System/Library/Frameworks/CoreData.framework/Versions/A/CoreData
0x000000019f72a000 	/System/Library/PrivateFrameworks/UIFoundation.framework/Versions/A/UIFoundation
0x00000001ab23b000 	/System/Library/PrivateFrameworks/RemoteViewServices.framework/Versions/A/RemoteViewServices
0x00000001a4450000 	/System/Library/PrivateFrameworks/XCTTargetBootstrap.framework/Versions/A/XCTTargetBootstrap
0x00000001a6d91000 	/usr/lib/libspindump.dylib
0x000000019f951000 	/System/Library/Frameworks/UniformTypeIdentifiers.framework/Versions/A/UniformTypeIdentifiers
0x00000001a2a38000 	/usr/lib/libapp_launch_measurement.dylib
0x00000001a2a3b000 	/System/Library/PrivateFrameworks/CoreAutoLayout.framework/Versions/A/CoreAutoLayout
0x00000001a3dcd000 	/System/Library/Frameworks/Metal.framework/Versions/A/Metal
0x00000001a4a2d000 	/usr/lib/liblangid.dylib
0x00000001a4454000 	/System/Library/PrivateFrameworks/CoreSVG.framework/Versions/A/CoreSVG
0x00000001a0a04000 	/System/Library/PrivateFrameworks/SkyLight.framework/Versions/A/SkyLight
0x00000001a0d73000 	/System/Library/Frameworks/CoreGraphics.framework/Versions/A/CoreGraphics
0x00000001ab75b000 	/System/Library/Frameworks/Accelerate.framework/Versions/A/Accelerate
0x00000001a67eb000 	/System/Library/PrivateFrameworks/IconServices.framework/Versions/A/IconServices
0x00000001a3db1000 	/System/Library/Frameworks/IOSurface.framework/Versions/A/IOSurface
0x00000001a20db000 	/usr/lib/libDiagnosticMessagesClient.dylib
0x00000001a4438000 	/System/Library/PrivateFrameworks/DFRFoundation.framework/Versions/A/DFRFoundation
0x000000019e2d9000 	/usr/lib/libicucore.A.dylib
0x00000001a82df000 	/System/Library/Frameworks/AudioToolbox.framework/Versions/A/AudioToolbox
0x00000001a74f2000 	/System/Library/PrivateFrameworks/DataDetectorsCore.framework/Versions/A/DataDetectorsCore
0x00000001a097f000 	/usr/lib/libMobileGestalt.dylib
0x00000001a412d000 	/System/Library/Frameworks/Carbon.framework/Versions/A/Frameworks/HIToolbox.framework/Versions/A/HIToolbox
0x00000001a24d6000 	/System/Library/Frameworks/QuartzCore.framework/Versions/A/QuartzCore
0x00000001ab273000 	/System/Library/Frameworks/Carbon.framework/Versions/A/Frameworks/SpeechRecognition.framework/Versions/A/SpeechRecognition
0x00000001a27d6000 	/System/Library/PrivateFrameworks/CoreUI.framework/Versions/A/CoreUI
0x000000019d957000 	/System/Library/Frameworks/CoreAudio.framework/Versions/A/CoreAudio
0x00000001a21c4000 	/System/Library/Frameworks/DiskArbitration.framework/Versions/A/DiskArbitration
0x00000001a7144000 	/System/Library/PrivateFrameworks/MultitouchSupport.framework/Versions/A/MultitouchSupport
0x00000001a74e9000 	/System/Library/PrivateFrameworks/InternationalSupport.framework/Versions/A/InternationalSupport
0x00000001a097d000 	/usr/lib/libenergytrace.dylib
0x000000019e8c2000 	/System/Library/Frameworks/IOKit.framework/Versions/A/IOKit
0x00000001ab59e000 	/System/Library/Frameworks/CoreServices.framework/Versions/A/CoreServices
0x00000001a29ce000 	/System/Library/PrivateFrameworks/PerformanceAnalysis.framework/Versions/A/PerformanceAnalysis
0x00000001de1fd000 	/System/Library/Frameworks/OpenGL.framework/Versions/A/OpenGL
0x00000001a7567000 	/System/Library/PrivateFrameworks/UserActivity.framework/Versions/A/UserActivity
0x00000001a1361000 	/System/Library/Frameworks/ColorSync.framework/Versions/A/ColorSync
0x00000001a469f000 	/System/Library/Frameworks/CoreImage.framework/Versions/A/CoreImage
0x000000019d787000 	/System/Library/Frameworks/CoreText.framework/Versions/A/CoreText
0x00000001a447f000 	/System/Library/Frameworks/ImageIO.framework/Versions/A/ImageIO
0x00000001a5bdc000 	/System/Library/PrivateFrameworks/SoftLinking.framework/Versions/A/SoftLinking
0x00000001a2a7e000 	/usr/lib/libxml2.2.dylib
0x00000001a5e5c000 	/usr/lib/libcompression.dylib
0x00000001a7435000 	/System/Library/PrivateFrameworks/TextureIO.framework/Versions/A/TextureIO
0x00000001a6547000 	/usr/lib/libate.dylib
0x00000001a6390000 	/usr/lib/liblzma.5.dylib
0x000000019cc93000 	/System/Library/Frameworks/SystemConfiguration.framework/Versions/A/SystemConfiguration
0x00000001a5bd8000 	/usr/lib/libfakelink.dylib
0x00000001a04e4000 	/System/Library/Frameworks/CFNetwork.framework/Versions/A/CFNetwork
0x00000001a5d22000 	/usr/lib/libarchive.2.dylib
0x000000019cd1b000 	/usr/lib/libCRFSuite.dylib
0x00000001a540d000 	/usr/lib/libbsm.0.dylib
0x000000019fd9b000 	/usr/lib/libnetwork.dylib
0x00000001a5bdd000 	/usr/lib/libpcap.A.dylib
0x00000001a1f3b000 	/usr/lib/libdns_services.dylib
0x00000001a63a9000 	/usr/lib/libcoretls_cfhelpers.dylib
0x00000001a5e2b000 	/usr/lib/libapple_nghttp2.dylib
0x00000001a5b77000 	/usr/lib/system/libkxld.dylib
0x00000001a1bcc000 	/usr/lib/libsqlite3.dylib
0x00000001a5929000 	/System/Library/PrivateFrameworks/AppleFSCompression.framework/Versions/A/AppleFSCompression
0x00000001a53f6000 	/usr/lib/libcoretls.dylib
0x00000001a5e57000 	/usr/lib/libpam.2.dylib
0x00000001a6490000 	/usr/lib/libxar.1.dylib
0x00000001a4a29000 	/System/Library/PrivateFrameworks/AppleSystemInfo.framework/Versions/A/AppleSystemInfo
0x00000001a5046000 	/System/Library/PrivateFrameworks/IOMobileFramebuffer.framework/Versions/A/IOMobileFramebuffer
0x00000001a5939000 	/usr/lib/libbz2.1.0.dylib
0x00000001a5c19000 	/usr/lib/libiconv.2.dylib
0x00000001a5b70000 	/usr/lib/libcharset.1.dylib
0x00000001a2a07000 	/System/Library/Frameworks/CoreServices.framework/Versions/A/Frameworks/FSEvents.framework/Versions/A/FSEvents
0x000000019e556000 	/System/Library/Frameworks/CoreServices.framework/Versions/A/Frameworks/CarbonCore.framework/Versions/A/CarbonCore
0x00000001a212a000 	/System/Library/Frameworks/CoreServices.framework/Versions/A/Frameworks/Metadata.framework/Versions/A/Metadata
0x00000001a594b000 	/System/Library/Frameworks/CoreServices.framework/Versions/A/Frameworks/OSServices.framework/Versions/A/OSServices
0x00000001a5d93000 	/System/Library/Frameworks/CoreServices.framework/Versions/A/Frameworks/SearchKit.framework/Versions/A/SearchKit
0x00000001a1ec7000 	/System/Library/Frameworks/CoreServices.framework/Versions/A/Frameworks/AE.framework/Versions/A/AE
0x000000019c665000 	/System/Library/Frameworks/CoreServices.framework/Versions/A/Frameworks/LaunchServices.framework/Versions/A/LaunchServices
0x00000001a633d000 	/System/Library/Frameworks/CoreServices.framework/Versions/A/Frameworks/DictionaryServices.framework/Versions/A/DictionaryServices
0x00000001a2a14000 	/System/Library/Frameworks/CoreServices.framework/Versions/A/Frameworks/SharedFileList.framework/Versions/A/SharedFileList
0x00000001a53e6000 	/usr/lib/libCheckFix.dylib
0x00000001a09ea000 	/System/Library/PrivateFrameworks/TCC.framework/Versions/A/TCC
0x00000001a4a2f000 	/System/Library/PrivateFrameworks/CoreNLP.framework/Versions/A/CoreNLP
0x00000001a20de000 	/System/Library/PrivateFrameworks/MetadataUtilities.framework/Versions/A/MetadataUtilities
0x000000019cd4f000 	/usr/lib/libmecabra.dylib
0x00000001a56cc000 	/System/Library/Frameworks/MLCompute.framework/Versions/A/MLCompute
0x00000001a541e000 	/usr/lib/libmecab.dylib
0x00000001a5464000 	/usr/lib/libgermantok.dylib
0x00000001a5e04000 	/usr/lib/libThaiTokenizer.dylib
0x00000001a64cc000 	/usr/lib/libChineseTokenizer.dylib
0x00000001a5e55000 	/System/Library/Frameworks/MetalPerformanceShaders.framework/Versions/A/MetalPerformanceShaders
0x00000001a21cb000 	/System/Library/Frameworks/Accelerate.framework/Versions/A/Frameworks/vImage.framework/Versions/A/vImage
0x00000001ab57c000 	/System/Library/Frameworks/Accelerate.framework/Versions/A/Frameworks/vecLib.framework/Versions/A/vecLib
0x00000001a64d7000 	/System/Library/Frameworks/Accelerate.framework/Versions/A/Frameworks/vecLib.framework/Versions/A/libvMisc.dylib
0x00000001a4f84000 	/System/Library/Frameworks/Accelerate.framework/Versions/A/Frameworks/vecLib.framework/Versions/A/libvDSP.dylib
0x000000019c979000 	/System/Library/Frameworks/Accelerate.framework/Versions/A/Frameworks/vecLib.framework/Versions/A/libBLAS.dylib
0x00000001a5e80000 	/System/Library/Frameworks/Accelerate.framework/Versions/A/Frameworks/vecLib.framework/Versions/A/libLAPACK.dylib
0x00000001a5469000 	/System/Library/Frameworks/Accelerate.framework/Versions/A/Frameworks/vecLib.framework/Versions/A/libLinearAlgebra.dylib
0x00000001a5e42000 	/System/Library/Frameworks/Accelerate.framework/Versions/A/Frameworks/vecLib.framework/Versions/A/libSparseBLAS.dylib
0x00000001a5e7b000 	/System/Library/Frameworks/Accelerate.framework/Versions/A/Frameworks/vecLib.framework/Versions/A/libQuadrature.dylib
0x00000001a4ac5000 	/System/Library/Frameworks/Accelerate.framework/Versions/A/Frameworks/vecLib.framework/Versions/A/libBNNS.dylib
0x000000019cc2f000 	/System/Library/Frameworks/Accelerate.framework/Versions/A/Frameworks/vecLib.framework/Versions/A/libSparse.dylib
0x00000001a49b8000 	/System/Library/Frameworks/MetalPerformanceShaders.framework/Versions/A/Frameworks/MPSCore.framework/Versions/A/MPSCore
0x00000001a58a1000 	/System/Library/Frameworks/MetalPerformanceShaders.framework/Versions/A/Frameworks/MPSImage.framework/Versions/A/MPSImage
0x00000001a547e000 	/System/Library/Frameworks/MetalPerformanceShaders.framework/Versions/A/Frameworks/MPSNeuralNetwork.framework/Versions/A/MPSNeuralNetwork
0x00000001a581f000 	/System/Library/Frameworks/MetalPerformanceShaders.framework/Versions/A/Frameworks/MPSMatrix.framework/Versions/A/MPSMatrix
0x00000001a5682000 	/System/Library/Frameworks/MetalPerformanceShaders.framework/Versions/A/Frameworks/MPSRayIntersector.framework/Versions/A/MPSRayIntersector
0x00000001a584e000 	/System/Library/Frameworks/MetalPerformanceShaders.framework/Versions/A/Frameworks/MPSNDArray.framework/Versions/A/MPSNDArray
0x000000019c89e000 	/System/Library/PrivateFrameworks/MetalTools.framework/Versions/A/MetalTools
0x00000001a4a27000 	/System/Library/PrivateFrameworks/AggregateDictionary.framework/Versions/A/AggregateDictionary
0x00000001a20a8000 	/System/Library/PrivateFrameworks/CoreAnalytics.framework/Versions/A/CoreAnalytics
0x00000001a5e06000 	/System/Library/PrivateFrameworks/AppleSauce.framework/Versions/A/AppleSauce
0x00000001a3dc3000 	/System/Library/PrivateFrameworks/IOAccelerator.framework/Versions/A/IOAccelerator
0x00000001de1f0000 	/System/Library/Frameworks/OpenGL.framework/Versions/A/Libraries/libCoreFSCache.dylib
0x000000019d30b000 	/System/Library/PrivateFrameworks/LanguageModeling.framework/Versions/A/LanguageModeling
0x00000001a5033000 	/System/Library/PrivateFrameworks/CoreEmoji.framework/Versions/A/CoreEmoji
0x00000001a4abd000 	/System/Library/PrivateFrameworks/LinguisticData.framework/Versions/A/LinguisticData
0x000000019cbe4000 	/System/Library/PrivateFrameworks/Lexicon.framework/Versions/A/Lexicon
0x00000001a5d0f000 	/usr/lib/libcmph.dylib
0x00000001a29e7000 	/System/Library/Frameworks/OpenDirectory.framework/Versions/A/Frameworks/CFOpenDirectory.framework/Versions/A/CFOpenDirectory
0x00000001a29d9000 	/System/Library/Frameworks/OpenDirectory.framework/Versions/A/OpenDirectory
0x00000001a63ab000 	/System/Library/PrivateFrameworks/APFS.framework/Versions/A/APFS
0x00000001a534f000 	/System/Library/Frameworks/SecurityFoundation.framework/Versions/A/SecurityFoundation
0x00000001a649e000 	/usr/lib/libutil.dylib
0x000000019e886000 	/System/Library/PrivateFrameworks/CoreServicesStore.framework/Versions/A/CoreServicesStore
0x00000001a53dd000 	/System/Library/Frameworks/ServiceManagement.framework/Versions/A/ServiceManagement
0x00000001a64a2000 	/usr/lib/libxslt.1.dylib
0x00000001a53d3000 	/System/Library/PrivateFrameworks/BackgroundTaskManagement.framework/Versions/A/BackgroundTaskManagement
0x00000001a7384000 	/System/Library/Frameworks/ImageIO.framework/Versions/A/Resources/libRadiance.dylib
0x00000001a738d000 	/System/Library/Frameworks/ImageIO.framework/Versions/A/Resources/libJPEG.dylib
0x00000001a72e1000 	/System/Library/Frameworks/ImageIO.framework/Versions/A/Resources/libPng.dylib
0x00000001a7303000 	/System/Library/Frameworks/ImageIO.framework/Versions/A/Resources/libTIFF.dylib
0x00000001a73de000 	/System/Library/Frameworks/ImageIO.framework/Versions/A/Resources/libGIF.dylib
0x00000001a705e000 	/System/Library/Frameworks/ImageIO.framework/Versions/A/Resources/libJP2.dylib
0x00000001a67b4000 	/usr/lib/libexpat.1.dylib
0x00000001a701a000 	/System/Library/PrivateFrameworks/AppleJPEG.framework/Versions/A/AppleJPEG
0x00000001a3fd4000 	/System/Library/PrivateFrameworks/FontServices.framework/libFontParser.dylib
0x00000001a1e79000 	/System/Library/PrivateFrameworks/RunningBoardServices.framework/Versions/A/RunningBoardServices
0x00000001b0590000 	/System/Library/PrivateFrameworks/IOSurfaceAccelerator.framework/Versions/A/IOSurfaceAccelerator
0x00000001a7140000 	/System/Library/PrivateFrameworks/WatchdogClient.framework/Versions/A/WatchdogClient
0x000000019d3fb000 	/System/Library/Frameworks/CoreDisplay.framework/Versions/A/CoreDisplay
0x00000001a3edc000 	/System/Library/Frameworks/CoreMedia.framework/Versions/A/CoreMedia
0x00000001a2b6b000 	/System/Library/Frameworks/CoreVideo.framework/Versions/A/CoreVideo
0x00000001a717d000 	/System/Library/Frameworks/VideoToolbox.framework/Versions/A/VideoToolbox
0x00000001a1df6000 	/System/Library/PrivateFrameworks/BaseBoard.framework/Versions/A/BaseBoard
0x00000001a68f2000 	/System/Library/PrivateFrameworks/PersistentConnection.framework/Versions/A/PersistentConnection
0x00000001a1bb5000 	/System/Library/PrivateFrameworks/ProtocolBuffer.framework/Versions/A/ProtocolBuffer
0x00000001a1ddf000 	/System/Library/PrivateFrameworks/CommonUtilities.framework/Versions/A/CommonUtilities
0x00000001a6fdf000 	/System/Library/PrivateFrameworks/Bom.framework/Versions/A/Bom
0x00000001a737f000 	/System/Library/PrivateFrameworks/GPUWrangler.framework/Versions/A/GPUWrangler
0x00000001a7360000 	/System/Library/PrivateFrameworks/IOPresentment.framework/Versions/A/IOPresentment
0x00000001a7387000 	/System/Library/PrivateFrameworks/DSExternalDisplay.framework/Versions/A/DSExternalDisplay
0x00000001a73e3000 	/System/Library/PrivateFrameworks/CMCaptureCore.framework/Versions/A/CMCaptureCore
0x00000001a6d7a000 	/System/Library/PrivateFrameworks/AppServerSupport.framework/Versions/A/AppServerSupport
0x00000001a8daf000 	/System/Library/PrivateFrameworks/perfdata.framework/Versions/A/perfdata
0x00000001a533f000 	/System/Library/PrivateFrameworks/AssertionServices.framework/Versions/A/AssertionServices
0x000000019d51e000 	/System/Library/PrivateFrameworks/AudioToolboxCore.framework/Versions/A/AudioToolboxCore
0x00000001a3ebc000 	/System/Library/PrivateFrameworks/caulk.framework/Versions/A/caulk
0x00000001b7bdd000 	/System/Library/PrivateFrameworks/SystemPolicy.framework/Versions/A/SystemPolicy
0x00000001a65d9000 	/usr/lib/libIOReport.dylib
0x00000001a864b000 	/usr/lib/libSMC.dylib
0x00000001a72ae000 	/usr/lib/libAudioToolboxUtility.dylib
0x00000001b856a000 	/usr/lib/libmis.dylib
0x00000001de252000 	/System/Library/Frameworks/OpenGL.framework/Versions/A/Libraries/libGLU.dylib
0x00000001de210000 	/System/Library/Frameworks/OpenGL.framework/Versions/A/Libraries/libGFXShared.dylib
0x00000001de3f8000 	/System/Library/Frameworks/OpenGL.framework/Versions/A/Libraries/libGL.dylib
0x00000001de219000 	/System/Library/Frameworks/OpenGL.framework/Versions/A/Libraries/libGLImage.dylib
0x00000001de20d000 	/System/Library/Frameworks/OpenGL.framework/Versions/A/Libraries/libCVMSPluginSupport.dylib
0x00000001de1f7000 	/System/Library/Frameworks/OpenGL.framework/Versions/A/Libraries/libCoreVMClient.dylib
0x00000001af0ca000 	/System/Library/PrivateFrameworks/ASEProcessing.framework/Versions/A/ASEProcessing
0x00000001a6919000 	/System/Library/PrivateFrameworks/GraphVisualizer.framework/Versions/A/GraphVisualizer
0x00000001a6927000 	/System/Library/PrivateFrameworks/FaceCore.framework/Versions/A/FaceCore
0x00000001a6d3a000 	/System/Library/PrivateFrameworks/OTSVG.framework/Versions/A/OTSVG
0x00000001a2794000 	/System/Library/Frameworks/ApplicationServices.framework/Versions/A/Frameworks/ATS.framework/Versions/A/Resources/libFontRegistry.dylib
0x00000001a6d82000 	/System/Library/PrivateFrameworks/FontServices.framework/libhvf.dylib
0x00000001de593000 	/System/Library/Frameworks/OpenCL.framework/Versions/A/OpenCL
0x00000001a6768000 	/System/Library/PrivateFrameworks/AppleVA.framework/Versions/A/AppleVA
0x00000001a8497000 	/System/Library/Frameworks/ApplicationServices.framework/Versions/A/Frameworks/ATS.framework/Versions/A/ATS
0x00000001a87aa000 	/System/Library/Frameworks/ApplicationServices.framework/Versions/A/Frameworks/ColorSyncLegacy.framework/Versions/A/ColorSyncLegacy
0x00000001a1457000 	/System/Library/Frameworks/ApplicationServices.framework/Versions/A/Frameworks/HIServices.framework/Versions/A/HIServices
0x00000001a8789000 	/System/Library/Frameworks/ApplicationServices.framework/Versions/A/Frameworks/LangAnalysis.framework/Versions/A/LangAnalysis
0x00000001a73ed000 	/System/Library/Frameworks/ApplicationServices.framework/Versions/A/Frameworks/PrintCore.framework/Versions/A/PrintCore
0x00000001a87b2000 	/System/Library/Frameworks/ApplicationServices.framework/Versions/A/Frameworks/QD.framework/Versions/A/QD
0x00000001a8483000 	/System/Library/Frameworks/ApplicationServices.framework/Versions/A/Frameworks/SpeechSynthesis.framework/Versions/A/SpeechSynthesis
0x00000001a73ae000 	/System/Library/Frameworks/ApplicationServices.framework/Versions/A/Frameworks/ATSUI.framework/Versions/A/ATSUI
0x00000001a872b000 	/usr/lib/libcups.2.dylib
0x00000001a879d000 	/System/Library/PrivateFrameworks/NetAuth.framework/Versions/A/NetAuth
0x00000001a8dc9000 	/System/Library/Frameworks/Kerberos.framework/Versions/A/Kerberos
0x00000001a8dda000 	/System/Library/Frameworks/GSS.framework/Versions/A/GSS
0x00000001a8506000 	/usr/lib/libresolv.9.dylib
0x00000001a6d98000 	/System/Library/PrivateFrameworks/Heimdal.framework/Versions/A/Heimdal
0x00000001ae6b5000 	/System/Library/Frameworks/Kerberos.framework/Versions/A/Libraries/libHeimdalProxy.dylib
0x00000001a1f4b000 	/System/Library/Frameworks/Network.framework/Versions/A/Network
0x00000001a67cf000 	/usr/lib/libheimdal-asn1.dylib
0x00000001a8e22000 	/System/Library/PrivateFrameworks/CommonAuth.framework/Versions/A/CommonAuth
0x00000001a2bbf000 	/System/Library/PrivateFrameworks/login.framework/Versions/A/Frameworks/loginsupport.framework/Versions/A/loginsupport
0x00000001a8408000 	/System/Library/PrivateFrameworks/AudioSession.framework/Versions/A/AudioSession
0x00000001a8470000 	/usr/lib/libAudioStatistics.dylib
0x00000001a684f000 	/System/Library/PrivateFrameworks/MediaExperience.framework/Versions/A/MediaExperience
0x00000001a82a9000 	/System/Library/PrivateFrameworks/AudioSession.framework/libSessionUtility.dylib
0x00000001a8dbb000 	/usr/lib/libperfcheck.dylib
0x00000001a87be000 	/System/Library/PrivateFrameworks/AudioResourceArbitration.framework/Versions/A/AudioResourceArbitration
0x00000001a67d8000 	/System/Library/PrivateFrameworks/IconFoundation.framework/Versions/A/IconFoundation
0x00000001ab263000 	/System/Library/PrivateFrameworks/SpeechRecognitionCore.framework/Versions/A/SpeechRecognitionCore
0x00000001d7b42000 	/System/Library/CoreServices/Encodings/libKoreanConverter.dylib
0x0000000107000000 	/opt/homebrew/Cellar/openjdk@17/17.0.7/libexec/openjdk.jdk/Contents/Home/lib/server/libjvm.dylib
0x00000001027e0000 	/opt/homebrew/Cellar/openjdk@17/17.0.7/libexec/openjdk.jdk/Contents/Home/lib/libjimage.dylib
0x00000001027fc000 	/opt/homebrew/Cellar/openjdk@17/17.0.7/libexec/openjdk.jdk/Contents/Home/lib/libinstrument.dylib
0x0000000102818000 	/opt/homebrew/Cellar/openjdk@17/17.0.7/libexec/openjdk.jdk/Contents/Home/lib/libjava.dylib
0x000000010298c000 	/private/var/folders/tn/7bm2f6kx5wx8fq00fwyzshxr0000gn/T/libasyncProfiler.dylib
0x0000000102cbc000 	/opt/homebrew/Cellar/openjdk@17/17.0.7/libexec/openjdk.jdk/Contents/Home/lib/libzip.dylib
0x0000000102cd4000 	/opt/homebrew/Cellar/openjdk@17/17.0.7/libexec/openjdk.jdk/Contents/Home/lib/libnio.dylib
0x00000001100a8000 	/opt/homebrew/Cellar/openjdk@17/17.0.7/libexec/openjdk.jdk/Contents/Home/lib/libnet.dylib
0x00000001100cc000 	/opt/homebrew/Cellar/openjdk@17/17.0.7/libexec/openjdk.jdk/Contents/Home/lib/libextnet.dylib
0x0000000112368000 	/opt/homebrew/Cellar/openjdk@17/17.0.7/libexec/openjdk.jdk/Contents/Home/lib/libmanagement.dylib
0x000000011237c000 	/opt/homebrew/Cellar/openjdk@17/17.0.7/libexec/openjdk.jdk/Contents/Home/lib/libmanagement_ext.dylib


VM Arguments:
jvm_args: -XX:TieredStopAtLevel=1 -Dspring.output.ansi.enabled=always -Dcom.sun.management.jmxremote -Dspring.jmx.enabled=true -Dspring.liveBeansView.mbeanDomain -Dspring.application.admin.enabled=true -Dmanagement.endpoints.jmx.exposure.include=* -javaagent:/Applications/IntelliJ IDEA.app/Contents/lib/idea_rt.jar=54701:/Applications/IntelliJ IDEA.app/Contents/bin -agentpath:/private/var/folders/tn/7bm2f6kx5wx8fq00fwyzshxr0000gn/T/libasyncProfiler.dylib=start,jfr,event=wall,interval=10ms,jfrsync=profile,cstack=no,file=/Users/heeyun/IdeaSnapshots/BlogApplication_2023_09_21_082138.jfr,log=/private/var/folders/tn/7bm2f6kx5wx8fq00fwyzshxr0000gn/T/BlogApplication_2023_09_21_082138.jfr.log.txt,logLevel=DEBUG -Dfile.encoding=UTF-8 
java_command: me.heeyun.blog.BlogApplication
java_class_path (initial): /Users/heeyun/Documents/study/blog/build/classes/java/main:/Users/heeyun/Documents/study/blog/build/resources/main:/Users/heeyun/.gradle/caches/modules-2/files-2.1/org.projectlombok/lombok/1.18.24/13a394eed5c4f9efb2a6d956e2086f1d81e857d9/lombok-1.18.24.jar:/Users/heeyun/.gradle/caches/modules-2/files-2.1/org.springframework.boot/spring-boot-starter-web/3.0.2/3f6a2cb4cb11bac3611f5a95e234589eb190dd29/spring-boot-starter-web-3.0.2.jar:/Users/heeyun/.gradle/caches/modules-2/files-2.1/org.springframework.boot/spring-boot-starter-data-jpa/3.0.2/fc0dbe82effb33d3d89b4cf2ec6b7968ad2af558/spring-boot-starter-data-jpa-3.0.2.jar:/Users/heeyun/.gradle/caches/modules-2/files-2.1/org.springframework.boot/spring-boot-starter-thymeleaf/3.0.2/e79481a7c3984941b9f9c73271867e4fcb4c0cc5/spring-boot-starter-thymeleaf-3.0.2.jar:/Users/heeyun/.gradle/caches/modules-2/files-2.1/org.springframework.boot/spring-boot-starter-security/3.0.2/9482177b76f34717dc85b20c650ab1248005ebb4/spring-boot-starter-security-3.0.2.jar:/Users/heeyun/.gradle/caches/modules-2/files-2.1/org.thymeleaf.extras/thymeleaf-extras-springsecurity6/3.1.1.RELEASE/af922bd525aa914b70723f3b19adefd09c49bb3b/thymeleaf-extras-springsecurity6-3.1.1.RELEASE.jar:/Users/heeyun/.gradle/caches/modules-2/files-2.1/org.springframework.boot/spring-boot-starter-oauth2-client/3.0.2/f2040c40dd86f8d1e402d0d06ff162f2d4194b38/spring-boot-starter-oauth2-client-3.0.2.jar:/Users/heeyun/.gradle/caches/modules-2/files-2.1/io.jsonwebtoken/jjwt/0.9.1/54d2abfc3e63a28824d35bf600d6a5d627da681a/jjwt-0.9.1.jar:/Users/heeyun/.gradle/caches/modules-2/files-2.1/javax.xml.bind/jaxb-api/2.3.1/8531ad5ac454cc2deb9d4d32c40c4d7451939b5d/jaxb-api-2.3.1.jar:/Users/heeyun/.gradle/caches/modules-2/files-2.1/org.springframework.boot/spring-boot-starter-json/3.0.2/11b9a2903af9014696d2576605bb73e8bca6ee19/spring-boot-starter-json-3.0.2.jar:/Users/heeyun/.gradle/caches/modules-2/files-2.1/org.springframework.boot/spring-boot-starter/3.0.2/a94266
Launcher Type: SUN_STANDARD

[Global flags]
     intx CICompilerCount                          = 4                                         {product} {ergonomic}
     uint ConcGCThreads                            = 2                                         {product} {ergonomic}
     bool FlightRecorder                           = true                                      {product} {management}
     uint G1ConcRefinementThreads                  = 8                                         {product} {ergonomic}
   size_t G1HeapRegionSize                         = 1048576                                   {product} {ergonomic}
    uintx GCDrainStackTargetSize                   = 64                                        {product} {ergonomic}
   size_t InitialHeapSize                          = 134217728                                 {product} {ergonomic}
     bool ManagementServer                         = true                                      {product} {command line}
   size_t MarkStackSize                            = 4194304                                   {product} {ergonomic}
   size_t MaxHeapSize                              = 2147483648                                {product} {ergonomic}
   size_t MaxNewSize                               = 1287651328                                {product} {ergonomic}
   size_t MinHeapDeltaBytes                        = 1048576                                   {product} {ergonomic}
   size_t MinHeapSize                              = 8388608                                   {product} {ergonomic}
    uintx NonProfiledCodeHeapSize                  = 0                                      {pd product} {ergonomic}
     bool ProfileInterpreter                       = false                                  {pd product} {command line}
    uintx ProfiledCodeHeapSize                     = 0                                      {pd product} {ergonomic}
   size_t SoftMaxHeapSize                          = 2147483648                             {manageable} {ergonomic}
     intx TieredStopAtLevel                        = 1                                         {product} {command line}
     bool UseCompressedClassPointers               = true                           {product lp64_product} {ergonomic}
     bool UseCompressedOops                        = true                           {product lp64_product} {ergonomic}
     bool UseG1GC                                  = true                                      {product} {ergonomic}
     bool UseNUMA                                  = false                                     {product} {ergonomic}
     bool UseNUMAInterleaving                      = false                                     {product} {ergonomic}

Logging:
Log output configuration:
 #0: stdout all=warning,jni+resolve=error uptime,level,tags (reconfigured)
 #1: stderr all=off uptime,level,tags

Environment Variables:
PATH=/opt/homebrew/opt/openjdk@17/bin:/opt/homebrew/bin:/Library/Frameworks/Python.framework/Versions/3.10/bin:/usr/local/bin:/usr/bin:/bin:/usr/sbin:/sbin:/Library/Apple/usr/bin:/Users/heeyun/flutter/bin:/Users/heeyun/.pub-cache/bin
SHELL=/bin/zsh
LC_CTYPE=ko_KR.UTF-8
TMPDIR=/var/folders/tn/7bm2f6kx5wx8fq00fwyzshxr0000gn/T/

Active Locale:
LC_ALL=C/ko_KR.UTF-8/C/C/C/C
LC_COLLATE=C
LC_CTYPE=ko_KR.UTF-8
LC_MESSAGES=C
LC_MONETARY=C
LC_NUMERIC=C
LC_TIME=C

Signal Handlers:
   SIGSEGV: _ZL13crash_handleriP9__siginfoPv in libjvm.dylib, mask=11100110000111110111111111111111, flags=SA_RESTART|SA_SIGINFO, unblocked
    SIGBUS: _ZL13crash_handleriP9__siginfoPv in libjvm.dylib, mask=11100110000111110111111111111111, flags=SA_RESTART|SA_SIGINFO, unblocked
    SIGFPE: _ZL13crash_handleriP9__siginfoPv in libjvm.dylib, mask=11100110000111110111111111111111, flags=SA_RESTART|SA_SIGINFO, unblocked
   SIGPIPE: _ZL17javaSignalHandleriP9__siginfoPv in libjvm.dylib, mask=11100110000111110111111111111111, flags=SA_RESTART|SA_SIGINFO, blocked
   SIGXFSZ: _ZL17javaSignalHandleriP9__siginfoPv in libjvm.dylib, mask=11100110000111110111111111111111, flags=SA_RESTART|SA_SIGINFO, blocked
    SIGILL: _ZL13crash_handleriP9__siginfoPv in libjvm.dylib, mask=11100110000111110111111111111111, flags=SA_RESTART|SA_SIGINFO, unblocked
   SIGUSR2: _ZL10SR_handleriP9__siginfoP17__darwin_ucontext in libjvm.dylib, mask=00100000000000000000000000000000, flags=SA_RESTART|SA_SIGINFO, blocked
    SIGHUP: _ZL11UserHandleriPvS_ in libjvm.dylib, mask=11100110000111110111111111111111, flags=SA_RESTART|SA_SIGINFO, blocked
    SIGINT: _ZL11UserHandleriPvS_ in libjvm.dylib, mask=11100110000111110111111111111111, flags=SA_RESTART|SA_SIGINFO, blocked
   SIGTERM: _ZL11UserHandleriPvS_ in libjvm.dylib, mask=11100110000111110111111111111111, flags=SA_RESTART|SA_SIGINFO, blocked
   SIGQUIT: _ZL11UserHandleriPvS_ in libjvm.dylib, mask=11100110000111110111111111111111, flags=SA_RESTART|SA_SIGINFO, blocked
   SIGTRAP: _ZL13crash_handleriP9__siginfoPv in libjvm.dylib, mask=11100110000111110111111111111111, flags=SA_RESTART|SA_SIGINFO, unblocked


---------------  S Y S T E M  ---------------

OS:
uname: Darwin 20.6.0 Darwin Kernel Version 20.6.0: Mon Aug 30 06:12:20 PDT 2021; root:xnu-7195.141.6~3/RELEASE_ARM64_T8101 arm64
OS uptime: 20 days 15:14 hours
rlimit (soft/hard): STACK 8176k/65520k , CORE 0k/infinity , NPROC 1333/2000 , NOFILE 10240/infinity , AS infinity/infinity , CPU infinity/infinity , DATA infinity/infinity , FSIZE infinity/infinity , MEMLOCK infinity/infinity , RSS infinity/infinity
load average: 1.15 1.31 1.48

CPU: total 8 (initial active 8) 0x61:0x0:0x1b588bb3:0, fp, simd, crc, lse

Memory: 16k page, physical 8388608k(123120k free), swap 2097152k(1325824k free)

vm_info: OpenJDK 64-Bit Server VM (17.0.7+0) for bsd-aarch64 JRE (17.0.7+0), built on Apr 19 2023 04:24:23 by "brew" with clang Apple LLVM 13.0.0 (clang-1300.0.29.30)

END.
